============================= test session starts ==============================
platform linux -- Python 3.12.3, pytest-9.1.1, pluggy-1.6.0 -- /usr/bin/python
rootdir: /home/ubuntu/oracleAI
configfile: pytest.ini
testpaths: tests
plugins: anyio-4.14.2, timeout-2.4.0, asyncio-1.4.0
timeout: 120.0s
timeout method: signal
timeout func_only: False
asyncio: mode=Mode.AUTO, debug=False, asyncio_default_fixture_loop_scope=None, asyncio_default_test_loop_scope=function
collecting ... collected 469 items

tests/test_agent_context.py::test_bounded_history_keeps_question_once_when_already_saved PASSED [  0%]
tests/test_agent_context.py::test_bounded_history_adds_question_once_when_not_persisted_yet PASSED [  0%]
tests/test_agent_context.py::test_bounded_history_summarises_earlier_user_topics_only PASSED [  0%]
tests/test_agent_context.py::test_bounded_history_has_no_state_between_threads PASSED [  0%]
tests/test_agent_context.py::test_agent_guidance_uses_feminine_russian_forms_for_female_profile PASSED [  1%]
tests/test_agent_context.py::test_agent_guidance_uses_masculine_russian_forms_for_male_profile PASSED [  1%]
tests/test_agent_context.py::test_agent_guidance_requires_neutral_russian_wording_without_gender PASSED [  1%]
tests/test_agent_context.py::test_agent_guidance_is_gender_neutral_in_english PASSED [  1%]
tests/test_agent_context.py::test_memory_extractor_uses_profile_gender_without_assumption PASSED [  1%]
tests/test_agent_context.py::test_offline_tarot_uses_neutral_question_label_for_every_profile PASSED [  2%]
tests/test_agent_context.py::test_llm_fallback_does_not_assume_user_gender PASSED [  2%]
tests/test_agent_file_harness.py::test_file_profiles_and_skills_are_discovered PASSED [  2%]
tests/test_agent_file_harness.py::test_file_profile_quality_metadata_is_live PASSED [  2%]
tests/test_agent_file_harness.py::test_skill_frontmatter_is_portable_and_unique PASSED [  2%]
tests/test_agent_file_harness.py::test_russian_queries_select_relevant_specialist_skill PASSED [  3%]
tests/test_agent_file_harness.py::test_skill_context_is_bounded_and_legacy_registry_is_unchanged PASSED [  3%]
tests/test_agent_file_harness.py::test_runtime_places_active_skills_before_safety_tail PASSED [  3%]
tests/test_agent_file_harness.py::test_offline_fallback_is_domain_specific PASSED [  3%]
tests/test_agent_file_harness.py::test_composable_skill_dependencies_and_tool_allowlist PASSED [  4%]
tests/test_agent_file_harness.py::test_complex_multilingual_routing_benchmark_is_top_three_stable PASSED [  4%]
tests/test_agent_file_harness.py::test_vedic_adversarial_routing_benchmark_is_top_three_stable PASSED [  4%]
tests/test_agent_file_harness.py::test_mira_lenormand_routing_benchmark_is_top_three_stable PASSED [  4%]
tests/test_agent_routing.py::test_clear_multilingual_domain_routes[\u0427\u0442\u043e \u0437\u043d\u0430\u0447\u0438\u0442 \u043c\u043e\u0439 \u0421\u0430\u0442\u0443\u0440\u043d \u0432 10 \u0434\u043e\u043c\u0435?-astro] PASSED [  4%]
tests/test_agent_routing.py::test_clear_multilingual_domain_routes[Tell me about my natal chart and rising sign-astro] PASSED [  5%]
tests/test_agent_routing.py::test_clear_multilingual_domain_routes[\u0420\u0430\u0445\u0443 and Ketu: \u043a\u0443\u0434\u0430 \u043c\u043d\u0435 \u0440\u0430\u0441\u0442\u0438?-astro] PASSED [  5%]
tests/test_agent_routing.py::test_clear_multilingual_domain_routes[\u0421\u0434\u0435\u043b\u0430\u0439 \u0440\u0430\u0441\u043a\u043b\u0430\u0434 \u0422\u0430\u0440\u043e \u043d\u0430 \u0440\u0435\u0448\u0435\u043d\u0438\u0435-tarot] PASSED [  5%]
tests/test_agent_routing.py::test_clear_multilingual_domain_routes[What does this tarot spread show?-tarot] PASSED [  5%]
tests/test_agent_routing.py::test_clear_multilingual_domain_routes[\u041f\u0440\u043e\u0447\u0438\u0442\u0430\u0439 \u043b\u0430\u0434\u043e\u043d\u044c \u043f\u043e \u0444\u043e\u0442\u043e, heart line-chiromant] PASSED [  5%]
tests/test_agent_routing.py::test_clear_multilingual_domain_routes[Can you analyze my palm photo?-chiromant] PASSED [  6%]
tests/test_agent_routing.py::test_clear_multilingual_domain_routes[\u041f\u043e\u0434\u0431\u0435\u0440\u0438 \u043f\u0440\u0430\u043a\u0442\u0438\u043a\u0443 \u0434\u043b\u044f \u0441\u043f\u043e\u043a\u043e\u0439\u0441\u0442\u0432\u0438\u044f-oracle] PASSED [  6%]
tests/test_agent_routing.py::test_clear_multilingual_domain_routes[\u041f\u043e\u043c\u043e\u0433\u0438 \u0441 \u0434\u043d\u0435\u0432\u043d\u0438\u043a\u043e\u043c \u0438 \u0433\u0440\u0430\u043d\u0438\u0446\u0430\u043c\u0438-oracle] PASSED [  6%]
tests/test_agent_routing.py::test_ambiguous_mixed_domain_stays_default_and_explains_why PASSED [  6%]
tests/test_agent_routing.py::test_no_signal_stays_default PASSED         [  7%]
tests/test_agent_routing.py::test_route_decision_is_serializable PASSED  [  7%]
tests/test_analytics.py::test_track_persists_after_drain PASSED          [  7%]
tests/test_analytics.py::test_track_once_is_idempotent PASSED            [  7%]
tests/test_analytics.py::test_track_open_records_d1_d7_once PASSED       [  7%]
tests/test_analytics.py::test_activation_funnel_uses_first_open_cohort PASSED [  8%]
tests/test_analytics.py::test_prune_removes_old_events PASSED            [  8%]
tests/test_analytics.py::test_touch_throttled_to_once_per_interval PASSED [  8%]
tests/test_api.py::test_health_is_open PASSED                            [  8%]
tests/test_api.py::test_me_requires_identity PASSED                      [  8%]
tests/test_api.py::test_unknown_user_gets_404 PASSED                     [  9%]
tests/test_api.py::test_new_user_auth_lifecycle_requires_start_then_allows_me PASSED [  9%]
tests/test_api.py::test_blocked_user_is_refused PASSED                   [  9%]
tests/test_api.py::test_bad_init_data_is_rejected PASSED                 [  9%]
tests/test_api.py::test_chart_request_emits_structured_operational_log PASSED [ 10%]
tests/test_api.py::test_path_traversal_is_blocked PASSED                 [ 10%]
tests/test_api.py::test_me_returns_full_state PASSED                     [ 10%]
tests/test_api.py::test_profile_update_validates_persona PASSED          [ 10%]
tests/test_api.py::test_profile_update_validates_timezone PASSED         [ 10%]
tests/test_api.py::test_profile_gender_can_be_set_and_cleared PASSED     [ 11%]
tests/test_api.py::test_profile_gender_rejects_unknown_code PASSED       [ 11%]
tests/test_api.py::test_referral_returns_link_and_stats PASSED           [ 11%]
tests/test_api.py::test_today_needs_active_subscription PASSED           [ 11%]
tests/test_api.py::test_today_returns_forecast_and_card PASSED           [ 11%]
tests/test_api.py::test_chart_and_matrix PASSED                          [ 12%]
tests/test_api.py::test_moon_week PASSED                                 [ 12%]
tests/test_api.py::test_compat_score_is_explained PASSED                 [ 12%]
tests/test_api.py::test_compat_accepts_russian_date_format PASSED        [ 12%]
tests/test_api.py::test_compat_rejects_garbage_date PASSED               [ 13%]
tests/test_api.py::test_partner_can_be_saved_and_removed PASSED          [ 13%]
tests/test_api.py::test_spread_catalog PASSED                            [ 13%]
tests/test_api.py::test_draw_then_interpret PASSED                       [ 13%]
tests/test_api.py::test_tarot_spreads_full_has_guide PASSED              [ 13%]
tests/test_api.py::test_tarot_question_saved_and_draw_returns_guide PASSED [ 14%]
tests/test_api.py::test_tarot_outcome_stats PASSED                       [ 14%]
tests/test_api.py::test_premium_spread_is_paywalled PASSED               [ 14%]
tests/test_api.py::test_cards_cannot_be_forged_by_client PASSED          [ 14%]
tests/test_api.py::test_interpret_other_user_reading_is_404 PASSED       [ 14%]
tests/test_api.py::test_outcome_validation PASSED                        [ 15%]
tests/test_api.py::test_agents_list_has_threads PASSED                   [ 15%]
tests/test_api.py::test_chat_history_and_ask PASSED                      [ 15%]
tests/test_api.py::test_unknown_agent_is_404 PASSED                      [ 15%]
tests/test_api.py::test_ask_validates_length PASSED                      [ 15%]
tests/test_api.py::test_chat_can_be_archived PASSED                      [ 16%]
tests/test_api.py::test_diary_roundtrip PASSED                           [ 16%]
tests/test_api.py::test_shop_shows_catalog PASSED                        [ 16%]
tests/test_api.py::test_invoice_requires_target PASSED                   [ 16%]
tests/test_api.py::test_buy_with_crystals_without_balance PASSED         [ 17%]
tests/test_api.py::test_buy_with_crystals_succeeds PASSED                [ 17%]
tests/test_api.py::test_promo_endpoint PASSED                            [ 17%]
tests/test_api.py::test_report_requires_purchase PASSED                  [ 17%]
tests/test_api.py::test_report_builds_after_purchase PASSED              [ 17%]
tests/test_api.py::test_admin_requires_role PASSED                       [ 18%]
tests/test_api.py::test_admin_owner_from_env_has_access PASSED           [ 18%]
tests/test_api.py::test_admin_health_reports_telegram_webapp_readiness PASSED [ 18%]
tests/test_api.py::test_admin_dashboard_and_users PASSED                 [ 18%]
tests/test_api.py::test_admin_user_card_and_actions PASSED               [ 18%]
tests/test_api.py::test_admin_grant_validates_kind PASSED                [ 19%]
tests/test_api.py::test_admin_can_edit_catalog_and_content PASSED        [ 19%]
tests/test_api.py::test_admin_rate_limited PASSED                        [ 19%]
tests/test_api.py::test_csp_header_in_production PASSED                  [ 19%]
tests/test_api.py::test_csp_absent_in_dev PASSED                         [ 20%]
tests/test_api.py::test_cache_control_on_assets PASSED                   [ 20%]
tests/test_api.py::test_no_cache_on_html_and_api PASSED                  [ 20%]
tests/test_api.py::test_admin_promo_batch PASSED                         [ 20%]
tests/test_api.py::test_admin_broadcast_preview_and_create PASSED        [ 20%]
tests/test_api.py::test_admin_broadcast_rejects_unknown_segment PASSED   [ 21%]
tests/test_api.py::test_owner_manages_roles_without_losing_admin_title PASSED [ 21%]
tests/test_api.py::test_admin_sees_coupon_activations_and_can_filter_batch PASSED [ 21%]
tests/test_api.py::test_default_chat_auto_routes_and_explicit_agent_wins PASSED [ 21%]
tests/test_api_growth.py::test_practices_catalog_has_categories PASSED   [ 21%]
tests/test_api_growth.py::test_practices_filter_by_category PASSED       [ 22%]
tests/test_api_growth.py::test_practice_lifecycle PASSED                 [ 22%]
tests/test_api_growth.py::test_unknown_practice_is_404 PASSED            [ 22%]
tests/test_api_growth.py::test_practice_card_endpoint PASSED             [ 22%]
tests/test_api_growth.py::test_horoscope_for_own_sign PASSED             [ 23%]
tests/test_api_growth.py::test_horoscope_all_signs PASSED                [ 23%]
tests/test_api_growth.py::test_horoscope_unknown_sign_is_404 PASSED      [ 23%]
tests/test_api_growth.py::test_diary_prompt_is_personal PASSED           [ 23%]
tests/test_api_growth.py::test_share_state_is_reported PASSED            [ 23%]
tests/test_api_growth.py::test_share_reading_requires_ownership PASSED   [ 24%]
tests/test_api_growth.py::test_share_missing_reading_is_404 PASSED       [ 24%]
tests/test_api_growth.py::test_share_reading_png_renders PASSED          [ 24%]
tests/test_api_growth.py::test_web_checkout_hidden_when_flag_off PASSED  [ 24%]
tests/test_api_growth.py::test_web_checkout_needs_configuration PASSED   [ 24%]
tests/test_api_growth.py::test_paddle_webhook_requires_signature PASSED  [ 25%]
tests/test_api_growth.py::test_admin_costs_are_reported PASSED           [ 25%]
tests/test_api_growth.py::test_admin_safety_log PASSED                   [ 25%]
tests/test_api_growth.py::test_admin_horoscopes_build PASSED             [ 25%]
tests/test_api_growth.py::test_web_checkout_binds_server_order PASSED    [ 26%]
tests/test_api_growth.py::test_paddle_webhook_grants_only_bound_pending_order PASSED [ 26%]
tests/test_architecture_boundaries.py::test_api_routers_do_not_import_each_other PASSED [ 26%]
tests/test_architecture_boundaries.py::test_frontend_runtime_boundaries_have_stable_order PASSED [ 26%]
tests/test_architecture_boundaries.py::test_refactored_backend_boundaries_exist PASSED [ 26%]
tests/test_billing.py::test_add_and_spend_crystals_records_ledger PASSED [ 27%]
tests/test_billing.py::test_spend_more_than_balance_is_refused PASSED    [ 27%]
tests/test_billing.py::test_parallel_spends_cannot_overdraw PASSED       [ 27%]
tests/test_billing.py::test_order_payload_is_unique PASSED               [ 27%]
tests/test_billing.py::test_payment_is_applied_once PASSED               [ 27%]
tests/test_billing.py::test_payment_extends_subscription_and_ltv PASSED  [ 28%]
tests/test_billing.py::test_renewal_adds_to_remaining_days PASSED        [ 28%]
tests/test_billing.py::test_unknown_payload_is_ignored PASSED            [ 28%]
tests/test_billing.py::test_payment_crash_midway_leaves_order_pending PASSED [ 28%]
tests/test_billing.py::test_crystals_purchase_crash_does_not_spend PASSED [ 28%]
tests/test_billing.py::test_promo_crash_keeps_code_usable PASSED         [ 29%]
tests/test_billing.py::test_buying_spread_grants_entitlement PASSED      [ 29%]
tests/test_billing.py::test_buying_with_crystals_charges_once PASSED     [ 29%]
tests/test_billing.py::test_crystals_purchase_without_balance_grants_nothing PASSED [ 29%]
tests/test_billing.py::test_crystal_pack_increases_balance PASSED        [ 30%]
tests/test_billing.py::test_entitlement_is_consumed_once PASSED          [ 30%]
tests/test_billing.py::test_expired_entitlement_is_not_available PASSED  [ 30%]
tests/test_billing.py::test_wildcard_entitlement_covers_any_code PASSED  [ 30%]
tests/test_billing.py::test_promo_grants_plan_days PASSED                [ 30%]
tests/test_billing.py::test_promo_cannot_be_used_twice PASSED            [ 31%]
tests/test_billing.py::test_promo_with_multiple_uses PASSED              [ 31%]
tests/test_billing.py::test_expired_promo_is_refused PASSED              [ 31%]
tests/test_billing.py::test_promo_can_grant_crystals PASSED              [ 31%]
tests/test_billing.py::test_unknown_promo_returns_none PASSED            [ 31%]
tests/test_billing.py::test_referral_pays_both_sides PASSED              [ 32%]
tests/test_billing.py::test_referral_cannot_be_applied_twice PASSED      [ 32%]
tests/test_billing.py::test_self_referral_is_refused PASSED              [ 32%]
tests/test_billing.py::test_second_level_referral PASSED                 [ 32%]
tests/test_billing.py::test_referrer_gets_share_of_first_payment PASSED  [ 33%]
tests/test_billing.py::test_concurrent_first_payments_pay_referral_once PASSED [ 33%]
tests/test_billing.py::test_refund_marks_order_and_reduces_ltv PASSED    [ 33%]
tests/test_billing.py::test_storefront_shows_plans_and_products PASSED   [ 33%]
tests/test_bot_fsm.py::test_admin_panel_button_is_visible_only_to_admin_and_uses_https_url PASSED [ 33%]
tests/test_bot_fsm.py::test_admin_command_is_registered PASSED           [ 34%]
tests/test_bot_fsm.py::test_onboarding_gender_is_saved_and_advances_to_date PASSED [ 34%]
tests/test_bot_fsm.py::test_onboarding_gender_skip_keeps_neutral_fallback PASSED [ 34%]
tests/test_bot_fsm.py::test_delete_me_enters_confirmation_state PASSED   [ 34%]
tests/test_bot_fsm.py::test_delete_me_ignores_wrong_keyword PASSED       [ 34%]
tests/test_bot_fsm.py::test_delete_me_wipes_data_and_clears_state PASSED [ 35%]
tests/test_broadcast.py::test_claim_target_atomic PASSED                 [ 35%]
tests/test_broadcast.py::test_next_targets_reclaims_stale_claims PASSED  [ 35%]
tests/test_broadcast.py::test_parallel_runs_send_each_target_once PASSED [ 35%]
tests/test_chart_contract.py::test_full_chart_exposes_versioned_calculation_contract PASSED [ 36%]
tests/test_chart_contract.py::test_date_only_contract_does_not_claim_angular_precision PASSED [ 36%]
tests/test_chart_contract.py::test_aspect_policy_is_applied_to_full_chart_output PASSED [ 36%]
tests/test_chart_contract.py::test_dst_timezone_is_preserved_and_can_produce_exact_angles PASSED [ 36%]
tests/test_chart_contract.py::test_invalid_coordinates_hide_angles_without_failing_planet_calculation PASSED [ 36%]
tests/test_chart_contract.py::test_polar_latitude_is_a_safe_edge_case PASSED [ 37%]
tests/test_chart_contract.py::test_invalid_iana_timezone_fails_closed PASSED [ 37%]
tests/test_chart_contract.py::test_chart_brief_contains_contract_provenance_for_followups PASSED [ 37%]
tests/test_chart_interpretation.py::test_valid_structured_payload_renders_legacy_text PASSED [ 37%]
tests/test_chart_interpretation.py::test_parser_accepts_json_fence_but_rejects_prose PASSED [ 37%]
tests/test_chart_interpretation.py::test_date_only_payload_cannot_claim_houses PASSED [ 38%]
tests/test_chart_interpretation.py::test_extra_keys_and_missing_sections_are_rejected PASSED [ 38%]
tests/test_chart_interpretation.py::test_canonical_chart_uses_structured_llm_path PASSED [ 38%]
tests/test_content_localization.py::test_get_text_uses_english_default_instead_of_legacy_russian_body PASSED [ 38%]
tests/test_content_localization.py::test_get_text_uses_admin_english_override_and_keeps_russian_body PASSED [ 39%]
tests/test_content_localization.py::test_unknown_english_content_uses_explicit_caller_fallback PASSED [ 39%]
tests/test_core.py::test_deck_has_78_cards PASSED                        [ 39%]
tests/test_core.py::test_draw_returns_distinct_cards_in_order PASSED     [ 39%]
tests/test_core.py::test_draw_handles_large_spreads PASSED               [ 39%]
tests/test_core.py::test_seeded_draw_is_reproducible_for_golden_fixtures PASSED [ 40%]
tests/test_core.py::test_reading_ledger_has_positions_orientation_and_combinations PASSED [ 40%]
tests/test_core.py::test_reading_ledger_classifies_explicit_symbolic_combination PASSED [ 40%]
tests/test_core.py::test_tarot_spreads_have_positions_and_guide PASSED   [ 40%]
tests/test_core.py::test_tarot_major_cards_have_depth PASSED             [ 40%]
tests/test_core.py::test_spread_lookup_falls_back PASSED                 [ 41%]
tests/test_core.py::test_sun_sign_boundaries PASSED                      [ 41%]
tests/test_core.py::test_moon_phase_is_stable_for_a_date PASSED          [ 41%]
tests/test_core.py::test_chart_never_raises_and_marks_mode PASSED        [ 41%]
tests/test_core.py::test_matrix_arcana_in_range PASSED                   [ 42%]
tests/test_core.py::test_compat_is_deterministic_and_explained PASSED    [ 42%]
tests/test_core.py::test_stable_seed_survives_restart PASSED             [ 42%]
tests/test_core.py::test_cards_text_marks_reversed PASSED                [ 42%]
tests/test_core.py::test_compat_is_symmetric PASSED                      [ 42%]
tests/test_core.py::test_compat_same_element_uses_right_verdict PASSED   [ 43%]
tests/test_core.py::test_matrix_love_is_personal_plus_destiny PASSED     [ 43%]
tests/test_core.py::test_celtic_cross_positions_are_classic PASSED       [ 43%]
tests/test_core.py::test_chart_brief_hides_houses_without_time PASSED    [ 43%]
tests/test_core.py::test_chart_brief_shows_houses_with_time PASSED       [ 43%]
tests/test_core.py::test_reversed_rate_approx_half PASSED                [ 44%]
tests/test_core.py::test_matrix_r_edges PASSED                           [ 44%]
tests/test_core.py::test_sun_sign_precise_agrees_on_safe_dates PASSED    [ 44%]
tests/test_core.py::test_synastry_finds_trine_between_cards PASSED       [ 44%]
tests/test_core.py::test_synastry_skips_same_point PASSED                [ 44%]
tests/test_core.py::test_synastry_bonus_sums_aspect_bonus PASSED         [ 45%]
tests/test_core.py::test_compat_has_no_magic_jitter PASSED               [ 45%]
tests/test_core.py::test_card_of_day_deterministic_for_user PASSED       [ 45%]
tests/test_core.py::test_date_only_chart_hides_angular_data_and_marks_precision PASSED [ 45%]
tests/test_core.py::test_invalid_birth_time_is_rejected_instead_of_silently_rewritten PASSED [ 46%]
tests/test_core.py::test_coordinate_validator_requires_physical_ranges PASSED [ 46%]
tests/test_core.py::test_technical_noon_with_unconfirmed_time_hides_angular_data PASSED [ 46%]
tests/test_core.py::test_chart_payload_uses_fresh_birth_date_after_first_run PASSED [ 46%]
tests/test_core.py::test_chart_payload_can_clear_stale_birth_time_for_date_only_choice PASSED [ 46%]
tests/test_core.py::test_chart_exposes_explicit_calculation_conventions PASSED [ 47%]
tests/test_core.py::test_invalid_timezone_is_rejected_explicitly PASSED  [ 47%]
tests/test_data.py::test_fresh_database_has_full_schema PASSED           [ 47%]
tests/test_data.py::test_seed_fills_catalog PASSED                       [ 47%]
tests/test_data.py::test_seed_is_idempotent_and_keeps_edits PASSED       [ 47%]
tests/test_data.py::test_legacy_database_is_migrated PASSED              [ 48%]
tests/test_data.py::test_migration_runs_twice_without_error PASSED       [ 48%]
tests/test_data.py::test_schema_script_is_valid_sql PASSED               [ 48%]
tests/test_data.py::test_transaction_rolls_back_on_error PASSED          [ 48%]
tests/test_data.py::test_ensure_race_double_start_creates_user_once PASSED [ 49%]
tests/test_data.py::test_update_user_rejects_unknown_column PASSED       [ 49%]
tests/test_data.py::test_memory_deduplicates PASSED                      [ 49%]
tests/test_data.py::test_recall_caches_repeated_query PASSED             [ 49%]
tests/test_data.py::test_recall_uses_bounded_embedding_pool PASSED       [ 49%]
tests/test_data.py::test_anonymize_keeps_row_but_clears_pii PASSED       [ 50%]
tests/test_data.py::test_g13_missing_indexes_exist PASSED                [ 50%]
tests/test_data.py::test_overview_dau_wau_on_day PASSED                  [ 50%]
tests/test_diary.py::test_diary_summary_facts PASSED                     [ 50%]
tests/test_diary.py::test_diary_summary_empty_month PASSED               [ 50%]
tests/test_diary.py::test_diary_summary_counts_days_not_entries PASSED   [ 51%]
tests/test_flood.py::test_burst_allows_immediate_burst PASSED            [ 51%]
tests/test_flood.py::test_acquire_paces_when_bucket_empty PASSED         [ 51%]
tests/test_flood.py::test_control_methods_do_not_cost_bucket PASSED      [ 51%]
tests/test_flood.py::test_invoice_link_retries_then_succeeds PASSED      [ 52%]
tests/test_flood.py::test_invoice_link_raises_after_all_retries PASSED   [ 52%]
tests/test_flood.py::test_invoice_link_refuses_nonpositive_price PASSED  [ 52%]
tests/test_growth.py::test_twelve_signs_with_codes PASSED                [ 52%]
tests/test_growth.py::test_horoscope_is_cached PASSED                    [ 52%]
tests/test_growth.py::test_horoscope_builds_once_under_concurrency PASSED [ 53%]
tests/test_growth.py::test_daily_forecast_builds_once_under_concurrency PASSED [ 53%]
tests/test_growth.py::test_build_day_fills_all_signs PASSED              [ 53%]
tests/test_growth.py::test_build_day_does_not_overwrite_existing PASSED  [ 53%]
tests/test_growth.py::test_offline_horoscope_is_stable PASSED            [ 53%]
tests/test_growth.py::test_channel_map_parses_env PASSED                 [ 54%]
tests/test_growth.py::test_vector_survives_roundtrip PASSED              [ 54%]
tests/test_growth.py::test_cosine_bounds PASSED                          [ 54%]
tests/test_growth.py::test_unpack_handles_garbage PASSED                 [ 54%]
tests/test_growth.py::test_remember_deduplicates_exact PASSED            [ 55%]
tests/test_growth.py::test_remember_rejects_noise PASSED                 [ 55%]
tests/test_growth.py::test_recall_returns_anchors_without_query PASSED   [ 55%]
tests/test_growth.py::test_recall_prefers_relevant PASSED                [ 55%]
tests/test_growth.py::test_remember_many_batches_embeddings PASSED       [ 55%]
tests/test_growth.py::test_remember_many_deduplicates PASSED             [ 56%]
tests/test_growth.py::test_summary_absent_until_enough_facts PASSED      [ 56%]
tests/test_growth.py::test_reading_card_is_png PASSED                    [ 56%]
tests/test_growth.py::test_forecast_card_is_png PASSED                   [ 56%]
tests/test_growth.py::test_card_without_cards_returns_none PASSED        [ 56%]
tests/test_growth.py::test_valid_signature_accepted PASSED               [ 57%]
tests/test_growth.py::test_tampered_body_rejected PASSED                 [ 57%]
tests/test_growth.py::test_wrong_secret_rejected PASSED                  [ 57%]
tests/test_growth.py::test_old_signature_rejected PASSED                 [ 57%]
tests/test_growth.py::test_malformed_header_rejected PASSED              [ 57%]
tests/test_growth.py::test_no_secret_rejects_everything PASSED           [ 58%]
tests/test_growth.py::test_webhook_event_is_processed_once PASSED        [ 58%]
tests/test_growth.py::test_daily_forecast_separates_languages_under_concurrency PASSED [ 58%]
tests/test_growth.py::test_signature_rotation_accepts_any_h1 PASSED      [ 58%]
tests/test_interpretation_guardrails.py::test_chart_evidence_hides_houses_and_ascendant_without_birth_time PASSED [ 59%]
tests/test_interpretation_guardrails.py::test_chart_guardrail_rejects_unknown_point_and_house_without_time PASSED [ 59%]
tests/test_interpretation_guardrails.py::test_chart_guardrail_accepts_grounded_non_deterministic_text PASSED [ 59%]
tests/test_interpretation_guardrails.py::test_tarot_guardrail_rejects_card_not_in_spread PASSED [ 59%]
tests/test_interpretation_guardrails.py::test_tarot_evidence_keeps_position_and_orientation PASSED [ 59%]
tests/test_limits.py::test_first_message_sets_privacy_safe_thread_title PASSED [ 60%]
tests/test_limits.py::test_vip_gets_three_questions_per_day PASSED       [ 60%]
tests/test_limits.py::test_limit_decreases_with_questions PASSED         [ 60%]
tests/test_limits.py::test_free_plan_is_weekly PASSED                    [ 60%]
tests/test_limits.py::test_expired_subscription_falls_back_to_free PASSED [ 60%]
tests/test_limits.py::test_check_uses_plan_first_then_purchases PASSED   [ 61%]
tests/test_limits.py::test_crystals_are_last_resort PASSED               [ 61%]
tests/test_limits.py::test_denied_when_nothing_left PASSED               [ 61%]
tests/test_limits.py::test_followup_does_not_consume_limit PASSED        [ 61%]
tests/test_limits.py::test_followups_are_capped PASSED                   [ 62%]
tests/test_limits.py::test_consume_crystals_actually_charges PASSED      [ 62%]
tests/test_limits.py::test_included_spread_needs_only_plan PASSED        [ 62%]
tests/test_limits.py::test_premium_spread_uses_entitlement_first PASSED  [ 62%]
tests/test_limits.py::test_premium_spread_not_available_without_purchase PASSED [ 62%]
tests/test_limits.py::test_spread_catalog_shows_prices PASSED            [ 63%]
tests/test_limits.py::test_ask_saves_messages_and_returns_answer PASSED  [ 63%]
tests/test_limits.py::test_ask_is_denied_without_access PASSED           [ 63%]
tests/test_limits.py::test_parallel_asks_cannot_overspend_weekly_limit PASSED [ 63%]
tests/test_limits.py::test_ask_to_each_agent_uses_own_thread PASSED      [ 63%]
tests/test_limits.py::test_empty_question_is_rejected PASSED             [ 64%]
tests/test_limits.py::test_draw_and_interpret_flow PASSED                [ 64%]
tests/test_limits.py::test_draw_premium_without_right_is_denied PASSED   [ 64%]
tests/test_limits.py::test_interpret_unknown_reading_raises PASSED       [ 64%]
tests/test_limits.py::test_threads_view_lists_all_agents PASSED          [ 65%]
tests/test_limits.py::test_outcome_marks_reading PASSED                  [ 65%]
tests/test_llm.py::test_completion_timeout_is_bounded PASSED             [ 65%]
tests/test_llm.py::test_rate_limit_paces_bursts PASSED                   [ 65%]
tests/test_llm.py::test_semaphore_bounds_concurrent_calls PASSED         [ 65%]
tests/test_llm.py::test_failover_uses_next_provider PASSED               [ 66%]
tests/test_llm.py::test_failover_exhausts_all_providers PASSED           [ 66%]
tests/test_llm.py::test_tool_results_are_bounded PASSED                  [ 66%]
tests/test_llm.py::test_tool_timeout_returns_safe_fallback PASSED        [ 66%]
tests/test_llm.py::test_workflow_budget_rejects_excess_tool_calls PASSED [ 66%]
tests/test_llm.py::test_workflow_budget_rejects_excess_cost PASSED       [ 67%]
tests/test_llm.py::test_workflow_budget_deadline_is_enforced PASSED      [ 67%]
tests/test_llm.py::test_complete_uses_workflow_deadline PASSED           [ 67%]
tests/test_llm.py::test_complete_vision_uses_workflow_deadline PASSED    [ 67%]
tests/test_llm_evaluation.py::test_golden_set_has_expected_size_and_scenarios PASSED [ 68%]
tests/test_llm_evaluation.py::test_synthetic_fixture_has_no_critical_violations PASSED [ 68%]
tests/test_migrations.py::test_concurrent_reconcile_columns_no_lock_error PASSED [ 68%]
tests/test_miniapp_actions.py::test_every_static_miniapp_action_has_a_registered_handler PASSED [ 68%]
tests/test_miniapp_actions.py::test_every_explicit_action_target_is_implemented_on_app PASSED [ 68%]
tests/test_miniapp_actions.py::test_chat_exposes_one_visible_tool_entry_point PASSED [ 69%]
tests/test_miniapp_actions.py::test_miniapp_stylesheet_imports_match_asset_version PASSED [ 69%]
tests/test_miniapp_actions.py::test_agent_quality_proof_is_visible_on_hub_and_chat PASSED [ 69%]
tests/test_miniapp_actions.py::test_frontend_errors_use_user_facing_mapping PASSED [ 69%]
tests/test_miniapp_actions.py::test_chiromant_is_present_on_all_agent_surfaces PASSED [ 69%]
tests/test_miniapp_actions.py::test_palm_photo_flow_and_agent_theme_contract PASSED [ 70%]
tests/test_miniapp_actions.py::test_new_explorers_are_loaded_and_expose_accessible_states PASSED [ 70%]
tests/test_monetization_phase_a.py::test_monetization_event_filters_unapproved_props PASSED [ 70%]
tests/test_monetization_phase_a.py::test_monetization_dashboard_does_not_fake_net_revenue PASSED [ 70%]
tests/test_monetization_phase_a.py::test_monetization_assumptions_contract_is_valid PASSED [ 71%]
tests/test_natal_sections.py::test_chart_sections_cover_required_user_topics PASSED [ 71%]
tests/test_natal_sections.py::test_chart_sections_hide_unreliable_houses_without_birth_time PASSED [ 71%]
tests/test_natal_sections.py::test_interpret_chart_retries_until_all_required_topics_are_present PASSED [ 71%]
tests/test_natal_sections.py::test_interpret_chart_last_resort_is_detailed_and_covers_available_topics PASSED [ 71%]
tests/test_openai_compat.py::test_complete_via_custom_stream PASSED      [ 72%]
tests/test_openai_compat.py::test_run_agent_skill_loop PASSED            [ 72%]
tests/test_openai_compat.py::test_stream_options_fallback PASSED         [ 72%]
tests/test_openai_compat.py::test_pretool_respects_chiromant_allowlist PASSED [ 72%]
tests/test_openai_compat.py::test_pretool_palm_single_call[\u041a\u0430\u043a \u043f\u0435\u0440\u0435\u0441\u043d\u044f\u0442\u044c \u0444\u043e\u0442\u043e \u043b\u0430\u0434\u043e\u043d\u0438?] PASSED [ 72%]
tests/test_openai_compat.py::test_pretool_palm_single_call[\u041a\u0430\u043a\u0438\u0435 \u0447\u0442\u0435\u043d\u0438\u044f \u043b\u0430\u0434\u043e\u043d\u0438 \u0443 \u043c\u0435\u043d\u044f \u0431\u044b\u043b\u0438 \u0440\u0430\u043d\u044c\u0448\u0435?] PASSED [ 73%]
tests/test_openai_compat.py::test_pretool_palm_single_call[\u0414\u0430\u0439 \u043c\u043d\u0435 \u0432\u043e\u043f\u0440\u043e\u0441 \u0434\u043b\u044f \u0441\u0430\u043c\u043e\u0440\u0435\u0444\u043b\u0435\u043a\u0441\u0438\u0438 \u043f\u043e \u043b\u0430\u0434\u043e\u043d\u0438] PASSED [ 73%]
tests/test_openai_compat.py::test_pretool_palm_single_call[\u0421\u0440\u0430\u0432\u043d\u0438 \u0434\u0432\u0430 \u043c\u043e\u0438\u0445 \u0447\u0442\u0435\u043d\u0438\u044f \u043b\u0430\u0434\u043e\u043d\u0438] PASSED [ 73%]
tests/test_openai_compat.py::test_pretool_other_agents_unaffected PASSED [ 73%]
tests/test_openai_compat.py::test_openai_like_budget_exhaust_returns_partial PASSED [ 73%]
tests/test_openai_compat.py::test_gpt5_vision_uses_completion_token_budget PASSED [ 74%]
tests/test_palm_integration.py::test_real_jpeg_upload_runs_palm_pipeline_and_agent_tools PASSED [ 74%]
tests/test_palm_integration.py::test_palm_reading_is_private_and_deleted_from_other_user PASSED [ 74%]
tests/test_palm_integration.py::test_palm_upload_rejects_invalid_content_and_small_real_image PASSED [ 74%]
tests/test_palm_integration.py::test_mira_chat_upload_accepts_png_and_webp PASSED [ 75%]
tests/test_palm_integration.py::test_mira_upload_enforces_auth_and_declared_size PASSED [ 75%]
tests/test_palm_integration.py::test_palm_vision_repairs_wrapped_json_after_retry PASSED [ 75%]
tests/test_palm_integration.py::test_palm_vision_invalid_json_returns_safe_needs_photo_after_three_attempts PASSED [ 75%]
tests/test_palm_vision.py::test_precheck_rejects_invalid_image_without_guessing PASSED [ 75%]
tests/test_palm_vision.py::test_precheck_flags_flat_capture PASSED       [ 76%]
tests/test_palm_vision.py::test_precheck_produces_bounded_metrics_for_usable_capture PASSED [ 76%]
tests/test_pdfgen.py::test_to_pdf_bytes_raises_when_unavailable PASSED   [ 76%]
tests/test_pdfgen.py::test_render_pdf_falls_back_to_html PASSED          [ 76%]
tests/test_pdfgen.py::test_full_natal_report_contains_extended_chart_and_mobile_viewport PASSED [ 76%]
tests/test_pdfgen.py::test_english_natal_report_is_localized PASSED      [ 77%]
tests/test_placements_palm.py::test_all_requested_placements_are_deterministic PASSED [ 77%]
tests/test_placements_palm.py::test_explicit_node_aliases_are_same_true_node_facts PASSED [ 77%]
tests/test_placements_palm.py::test_unknown_time_never_exposes_rising_or_houses PASSED [ 77%]
tests/test_placements_palm.py::test_life_path_preserves_master_number PASSED [ 78%]
tests/test_placements_palm.py::test_chinese_zodiac_uses_lunisolar_boundary PASSED [ 78%]
tests/test_placements_palm.py::test_palm_normalizer_sanitizes_forbidden_claims_and_keeps_confidence PASSED [ 78%]
tests/test_placements_palm.py::test_chiromant_is_registered_with_palm_tools PASSED [ 78%]
tests/test_placements_palm.py::test_palm_normalizer_coerces_model_enums_and_sanitizes_quality_fields PASSED [ 78%]
tests/test_placements_palm.py::test_palm_response_format_is_strict_and_closed PASSED [ 79%]
tests/test_practices.py::test_catalog_is_not_empty PASSED                [ 79%]
tests/test_practices.py::test_every_practice_is_complete[energy_clean] PASSED [ 79%]
tests/test_practices.py::test_every_practice_is_complete[energy_morning] PASSED [ 79%]
tests/test_practices.py::test_every_practice_is_complete[love_heart] PASSED [ 79%]
tests/test_practices.py::test_every_practice_is_complete[love_magnet] PASSED [ 80%]
tests/test_practices.py::test_every_practice_is_complete[love_release] PASSED [ 80%]
tests/test_practices.py::test_every_practice_is_complete[mantra_gayatri] PASSED [ 80%]
tests/test_practices.py::test_every_practice_is_complete[mantra_lakshmi] PASSED [ 80%]
tests/test_practices.py::test_every_practice_is_complete[mantra_moon] PASSED [ 81%]
tests/test_practices.py::test_every_practice_is_complete[mantra_shiva] PASSED [ 81%]
tests/test_practices.py::test_every_practice_is_complete[money_flow] PASSED [ 81%]
tests/test_practices.py::test_every_practice_is_complete[money_mirror] PASSED [ 81%]
tests/test_practices.py::test_every_practice_is_complete[money_wallet] PASSED [ 81%]
tests/test_practices.py::test_program_covers_all_days[energy_clean] PASSED [ 82%]
tests/test_practices.py::test_program_covers_all_days[energy_morning] PASSED [ 82%]
tests/test_practices.py::test_program_covers_all_days[love_heart] PASSED [ 82%]
tests/test_practices.py::test_program_covers_all_days[love_magnet] PASSED [ 82%]
tests/test_practices.py::test_program_covers_all_days[love_release] PASSED [ 82%]
tests/test_practices.py::test_program_covers_all_days[mantra_gayatri] PASSED [ 83%]
tests/test_practices.py::test_program_covers_all_days[mantra_lakshmi] PASSED [ 83%]
tests/test_practices.py::test_program_covers_all_days[mantra_moon] PASSED [ 83%]
tests/test_practices.py::test_program_covers_all_days[mantra_shiva] PASSED [ 83%]
tests/test_practices.py::test_program_covers_all_days[money_flow] PASSED [ 84%]
tests/test_practices.py::test_program_covers_all_days[money_mirror] PASSED [ 84%]
tests/test_practices.py::test_program_covers_all_days[money_wallet] PASSED [ 84%]
tests/test_practices.py::test_all_categories_have_practices PASSED       [ 84%]
tests/test_practices.py::test_every_practice_has_fit PASSED              [ 84%]
tests/test_practices.py::test_heavy_practices_have_referral PASSED       [ 85%]
tests/test_practices.py::test_mantras_have_text PASSED                   [ 85%]
tests/test_practices.py::test_catalog_shows_progress PASSED              [ 85%]
tests/test_practices.py::test_filter_by_category PASSED                  [ 85%]
tests/test_practices.py::test_start_and_first_day PASSED                 [ 85%]
tests/test_practices.py::test_second_mark_same_day_does_nothing PASSED   [ 86%]
tests/test_practices.py::test_streak_breaks_after_gap PASSED             [ 86%]
tests/test_practices.py::test_program_finishes_at_last_day PASSED        [ 86%]
tests/test_practices.py::test_stop_closes_program PASSED                 [ 86%]
tests/test_practices.py::test_unknown_practice_raises PASSED             [ 86%]
tests/test_practices.py::test_progress_card_enriched PASSED              [ 87%]
tests/test_practices.py::test_progress_card_after_finish PASSED          [ 87%]
tests/test_practices.py::test_reminder_targets_skip_marked_today PASSED  [ 87%]
tests/test_release_gate.py::test_static_release_gate_passes_repository_contract PASSED [ 87%]
tests/test_release_gate.py::test_production_release_gate_fails_closed_without_real_env PASSED [ 88%]
tests/test_release_gate.py::test_production_release_gate_accepts_minimal_safe_env PASSED [ 88%]
tests/test_safety.py::test_crisis_detected[\u043d\u0435 \u0445\u043e\u0447\u0443 \u0436\u0438\u0442\u044c] PASSED [ 88%]
tests/test_safety.py::test_crisis_detected[\u042f \u0431\u043e\u043b\u044c\u0448\u0435 \u043d\u0435 \u0445\u043e\u0447\u0443 \u0436\u0438\u0442\u044c, \u043d\u0438\u0447\u0435\u0433\u043e \u043d\u0435 \u043f\u043e\u043c\u043e\u0433\u0430\u0435\u0442] PASSED [ 88%]
tests/test_safety.py::test_crisis_detected[\u0434\u0443\u043c\u0430\u044e \u043f\u043e\u043a\u043e\u043d\u0447\u0438\u0442\u044c \u0441 \u0441\u043e\u0431\u043e\u0439] PASSED [ 88%]
tests/test_safety.py::test_crisis_detected[\u0438\u043d\u043e\u0433\u0434\u0430 \u0445\u043e\u0447\u0435\u0442\u0441\u044f \u0443\u0439\u0442\u0438 \u0438\u0437 \u0436\u0438\u0437\u043d\u0438] PASSED [ 89%]
tests/test_safety.py::test_crisis_detected[\u043d \u0435   \u0445 \u043e \u0447 \u0443   \u0436 \u0438 \u0442 \u044c] PASSED [ 89%]
tests/test_safety.py::test_crisis_detected[\u041d\u0415 \u0425\u041e\u0427\u0423 \u0416\u0418\u0422\u042c] PASSED [ 89%]
tests/test_safety.py::test_crisis_detected[\u044f \u0440\u0435\u0436\u0443 \u0441\u0435\u0431\u044f \u043a\u043e\u0433\u0434\u0430 \u043f\u043b\u043e\u0445\u043e] PASSED [ 89%]
tests/test_safety.py::test_crisis_detected[\u043e\u043d \u043c\u0435\u043d\u044f \u0431\u044c\u0451\u0442, \u044f \u0431\u043e\u044e\u0441\u044c] PASSED [ 89%]
tests/test_safety.py::test_crisis_detected[\u043c\u0443\u0436 \u0431\u044c\u0435\u0442 \u0438 \u0443\u0433\u0440\u043e\u0436\u0430\u0435\u0442 \u0443\u0431\u0438\u0442\u044c] PASSED [ 90%]
tests/test_safety.py::test_sensitive_softened[\u043c\u043d\u0435 \u043f\u043e\u0441\u0442\u0430\u0432\u0438\u043b\u0438 \u0434\u0438\u0430\u0433\u043d\u043e\u0437, \u0447\u0442\u043e \u0433\u043e\u0432\u043e\u0440\u044f\u0442 \u043a\u0430\u0440\u0442\u044b] PASSED [ 90%]
tests/test_safety.py::test_sensitive_softened[\u0443 \u043c\u0430\u043c\u044b \u043e\u043d\u043a\u043e\u043b\u043e\u0433\u0438\u044f, \u0447\u0442\u043e \u0431\u0443\u0434\u0435\u0442] PASSED [ 90%]
tests/test_safety.py::test_sensitive_softened[\u0441\u0442\u043e\u0438\u0442 \u043b\u0438 \u0431\u0440\u0430\u0442\u044c \u0438\u043f\u043e\u0442\u0435\u043a\u0443] PASSED [ 90%]
tests/test_safety.py::test_sensitive_softened[\u044f \u0431\u0435\u0440\u0435\u043c\u0435\u043d\u043d\u0430, \u0447\u0442\u043e \u043c\u0435\u043d\u044f \u0436\u0434\u0451\u0442] PASSED [ 91%]
tests/test_safety.py::test_normal_questions_pass[\u0447\u0442\u043e \u043c\u0435\u043d\u044f \u0436\u0434\u0451\u0442 \u0432 \u043b\u044e\u0431\u0432\u0438?] PASSED [ 91%]
tests/test_safety.py::test_normal_questions_pass[\u043a\u043e\u0433\u0434\u0430 \u044f \u0432\u0441\u0442\u0440\u0435\u0447\u0443 \u0441\u0432\u043e\u0435\u0433\u043e \u0447\u0435\u043b\u043e\u0432\u0435\u043a\u0430] PASSED [ 91%]
tests/test_safety.py::test_normal_questions_pass[\u0441\u0442\u043e\u0438\u0442 \u043b\u0438 \u0435\u043c\u0443 \u043d\u0430\u043f\u0438\u0441\u0430\u0442\u044c \u043f\u0435\u0440\u0432\u043e\u0439] PASSED [ 91%]
tests/test_safety.py::test_normal_questions_pass[\u0440\u0430\u0441\u0441\u043a\u0430\u0436\u0438 \u043f\u0440\u043e \u043c\u043e\u044e \u0432\u0435\u043d\u0435\u0440\u0443] PASSED [ 91%]
tests/test_safety.py::test_normal_questions_pass[\u0445\u043e\u0447\u0443 \u0440\u0430\u0441\u043a\u043b\u0430\u0434 \u043d\u0430 \u043d\u0435\u0434\u0435\u043b\u044e] PASSED [ 92%]
tests/test_safety.py::test_empty_text_is_safe PASSED                     [ 92%]
tests/test_safety.py::test_crisis_answer_does_not_spend_limit PASSED     [ 92%]
tests/test_safety.py::test_crisis_answer_has_helplines PASSED            [ 92%]
tests/test_safety.py::test_crisis_logged PASSED                          [ 92%]
tests/test_safety.py::test_helplines_configurable PASSED                 [ 93%]
tests/test_scale_contract.py::test_db_health_report_is_aggregate_and_integrity_checked PASSED [ 93%]
tests/test_scale_contract.py::test_migration_manifest_is_deterministic_and_data_free PASSED [ 93%]
tests/test_scheduler.py::test_pregen_fills_forecast_before_push PASSED   [ 93%]
tests/test_scheduler.py::test_pregen_is_idempotent PASSED                [ 94%]
tests/test_scheduler.py::test_pregen_skips_off_audience PASSED           [ 94%]
tests/test_scheduler.py::test_pregen_noop_outside_window PASSED          [ 94%]
tests/test_scheduler.py::test_audience_scales_beyond_cap PASSED          [ 94%]
tests/test_scheduler.py::test_expiring_audience_scales_beyond_cap PASSED [ 94%]
tests/test_scheduler.py::test_pregen_caches_ru_and_en_independently PASSED [ 95%]
tests/test_scheduler.py::test_forecast_language_key_migrates_legacy_cache PASSED [ 95%]
tests/test_scheduler.py::test_voice_forecast_updates_only_current_language PASSED [ 95%]
tests/test_scheduler.py::test_scheduler_lease_allows_one_owner_across_connections PASSED [ 95%]
tests/test_scheduler.py::test_scheduler_lease_recovers_after_expiry_and_records_failure PASSED [ 95%]
tests/test_security_regressions.py::test_init_data_requires_fresh_auth_date PASSED [ 96%]
tests/test_security_regressions.py::test_init_data_rejects_duplicate_fields PASSED [ 96%]
tests/test_security_regressions.py::test_memory_tools_cannot_bypass_memory_off PASSED [ 96%]
tests/test_security_regressions.py::test_diary_tool_is_blocked_when_memory_off PASSED [ 96%]
tests/test_security_regressions.py::test_production_config_fails_closed PASSED [ 97%]
tests/test_session.py::test_transaction_rolls_back_on_cancel PASSED      [ 97%]
tests/test_stage0_operations.py::test_redact_text_removes_secrets_email_and_numeric_ids PASSED [ 97%]
tests/test_stage0_operations.py::test_json_formatter_emits_operational_fields_without_pii PASSED [ 97%]
tests/test_stage0_operations.py::test_ops_alert_log_counts_are_windowed PASSED [ 97%]
tests/test_stage0_operations.py::test_cache_busting_policy_and_public_legal_pages PASSED [ 98%]
tests/test_stage0_operations.py::test_ops_alert_db_counts_include_scheduler_status PASSED [ 98%]
tests/test_vedic.py::test_vedic_chart_is_separate_lahiri_evidence_contract PASSED [ 98%]
tests/test_vedic.py::test_date_only_omits_lagna_and_houses PASSED        [ 98%]
tests/test_vedic.py::test_nakshatra_covers_boundaries_and_four_padas PASSED [ 98%]
tests/test_vedic.py::test_vimshottari_has_start_lord_and_contiguous_timeline PASSED [ 99%]
tests/test_vedic.py::test_panchang_and_rahu_kaal_have_local_time_evidence PASSED [ 99%]
tests/test_vedic.py::test_varga_guna_and_strengths_are_bounded_and_symmetric PASSED [ 99%]
tests/test_vedic.py::test_tool_registry_dispatches_vedic_chart_with_evidence PASSED [ 99%]
tests/test_vedic.py::test_muhurta_keeps_user_criteria_and_no_guarantee_limitations PASSED [100%]

==================================== PASSES ====================================
_______________________ test_track_persists_after_drain ________________________
------------------------------ Captured log setup ------------------------------
INFO     oracle.migrations:migrations.py:283 миграция данных: 2026_07_referrals_from_ref_by, 2026_07_promo_used_count, 2026_07_reading_spread_from_question, 2026_07_events_day_backfill, 2026_07_users_sub_level_codes, 2026_08_forecasts_language_key
INFO     oracle.seed:seed.py:335 сид каталога: plans+6, products+19, flags+17, settings+24, content+31, admins+1
________________________ test_track_once_is_idempotent _________________________
------------------------------ Captured log setup ------------------------------
INFO     oracle.migrations:migrations.py:283 миграция данных: 2026_07_referrals_from_ref_by, 2026_07_promo_used_count, 2026_07_reading_spread_from_question, 2026_07_events_day_backfill, 2026_07_users_sub_level_codes, 2026_08_forecasts_language_key
INFO     oracle.seed:seed.py:335 сид каталога: plans+6, products+19, flags+17, settings+24, content+31, admins+1
______________________ test_track_open_records_d1_d7_once ______________________
------------------------------ Captured log setup ------------------------------
INFO     oracle.migrations:migrations.py:283 миграция данных: 2026_07_referrals_from_ref_by, 2026_07_promo_used_count, 2026_07_reading_spread_from_question, 2026_07_events_day_backfill, 2026_07_users_sub_level_codes, 2026_08_forecasts_language_key
INFO     oracle.seed:seed.py:335 сид каталога: plans+6, products+19, flags+17, settings+24, content+31, admins+1
________________ test_activation_funnel_uses_first_open_cohort _________________
------------------------------ Captured log setup ------------------------------
INFO     oracle.migrations:migrations.py:283 миграция данных: 2026_07_referrals_from_ref_by, 2026_07_promo_used_count, 2026_07_reading_spread_from_question, 2026_07_events_day_backfill, 2026_07_users_sub_level_codes, 2026_08_forecasts_language_key
INFO     oracle.seed:seed.py:335 сид каталога: plans+6, products+19, flags+17, settings+24, content+31, admins+1
________________________ test_prune_removes_old_events _________________________
------------------------------ Captured log setup ------------------------------
INFO     oracle.migrations:migrations.py:283 миграция данных: 2026_07_referrals_from_ref_by, 2026_07_promo_used_count, 2026_07_reading_spread_from_question, 2026_07_events_day_backfill, 2026_07_users_sub_level_codes, 2026_08_forecasts_language_key
INFO     oracle.seed:seed.py:335 сид каталога: plans+6, products+19, flags+17, settings+24, content+31, admins+1
__________________ test_touch_throttled_to_once_per_interval ___________________
------------------------------ Captured log setup ------------------------------
INFO     oracle.migrations:migrations.py:283 миграция данных: 2026_07_referrals_from_ref_by, 2026_07_promo_used_count, 2026_07_reading_spread_from_question, 2026_07_events_day_backfill, 2026_07_users_sub_level_codes, 2026_08_forecasts_language_key
INFO     oracle.seed:seed.py:335 сид каталога: plans+6, products+19, flags+17, settings+24, content+31, admins+1
_____________________________ test_health_is_open ______________________________
------------------------------ Captured log setup ------------------------------
INFO     oracle.migrations:migrations.py:283 миграция данных: 2026_07_referrals_from_ref_by, 2026_07_promo_used_count, 2026_07_reading_spread_from_question, 2026_07_events_day_backfill, 2026_07_users_sub_level_codes, 2026_08_forecasts_language_key
INFO     oracle.seed:seed.py:335 сид каталога: plans+6, products+19, flags+17, settings+24, content+31, admins+1
------------------------------ Captured log call -------------------------------
INFO     httpx:_client.py:1740 HTTP Request: GET http://test/api/health "HTTP/1.1 200 OK"
__________________________ test_me_requires_identity ___________________________
------------------------------ Captured log setup ------------------------------
INFO     oracle.migrations:migrations.py:283 миграция данных: 2026_07_referrals_from_ref_by, 2026_07_promo_used_count, 2026_07_reading_spread_from_question, 2026_07_events_day_backfill, 2026_07_users_sub_level_codes, 2026_08_forecasts_language_key
INFO     oracle.seed:seed.py:335 сид каталога: plans+6, products+19, flags+17, settings+24, content+31, admins+1
------------------------------ Captured log call -------------------------------
INFO     httpx:_client.py:1740 HTTP Request: GET http://test/api/me "HTTP/1.1 401 Unauthorized"
__________________________ test_unknown_user_gets_404 __________________________
------------------------------ Captured log setup ------------------------------
INFO     oracle.migrations:migrations.py:283 миграция данных: 2026_07_referrals_from_ref_by, 2026_07_promo_used_count, 2026_07_reading_spread_from_question, 2026_07_events_day_backfill, 2026_07_users_sub_level_codes, 2026_08_forecasts_language_key
INFO     oracle.seed:seed.py:335 сид каталога: plans+6, products+19, flags+17, settings+24, content+31, admins+1
------------------------------ Captured log call -------------------------------
INFO     httpx:_client.py:1740 HTTP Request: GET http://test/api/me?dev_user=999999 "HTTP/1.1 404 Not Found"
__________ test_new_user_auth_lifecycle_requires_start_then_allows_me __________
------------------------------ Captured log setup ------------------------------
INFO     oracle.migrations:migrations.py:283 миграция данных: 2026_07_referrals_from_ref_by, 2026_07_promo_used_count, 2026_07_reading_spread_from_question, 2026_07_events_day_backfill, 2026_07_users_sub_level_codes, 2026_08_forecasts_language_key
INFO     oracle.seed:seed.py:335 сид каталога: plans+6, products+19, flags+17, settings+24, content+31, admins+1
------------------------------ Captured log call -------------------------------
INFO     httpx:_client.py:1740 HTTP Request: GET http://test/api/me?dev_user=987654321 "HTTP/1.1 404 Not Found"
INFO     httpx:_client.py:1740 HTTP Request: GET http://test/api/me?dev_user=987654321 "HTTP/1.1 200 OK"
_________________________ test_blocked_user_is_refused _________________________
------------------------------ Captured log setup ------------------------------
INFO     oracle.migrations:migrations.py:283 миграция данных: 2026_07_referrals_from_ref_by, 2026_07_promo_used_count, 2026_07_reading_spread_from_question, 2026_07_events_day_backfill, 2026_07_users_sub_level_codes, 2026_08_forecasts_language_key
INFO     oracle.seed:seed.py:335 сид каталога: plans+6, products+19, flags+17, settings+24, content+31, admins+1
------------------------------ Captured log call -------------------------------
INFO     httpx:_client.py:1740 HTTP Request: GET http://test/api/me?dev_user=1001 "HTTP/1.1 403 Forbidden"
_____________ test_chart_request_emits_structured_operational_log ______________
------------------------------ Captured log setup ------------------------------
INFO     oracle.migrations:migrations.py:283 миграция данных: 2026_07_referrals_from_ref_by, 2026_07_promo_used_count, 2026_07_reading_spread_from_question, 2026_07_events_day_backfill, 2026_07_users_sub_level_codes, 2026_08_forecasts_language_key
INFO     oracle.seed:seed.py:335 сид каталога: plans+6, products+19, flags+17, settings+24, content+31, admins+1
------------------------------ Captured log call -------------------------------
INFO     oracle.astro:observability.py:116 натальная карта отдана клиенту
INFO     httpx:_client.py:1740 HTTP Request: GET http://test/api/chart?dev_user=1001 "HTTP/1.1 200 OK"
________________________ test_path_traversal_is_blocked ________________________
------------------------------ Captured log setup ------------------------------
INFO     oracle.migrations:migrations.py:283 миграция данных: 2026_07_referrals_from_ref_by, 2026_07_promo_used_count, 2026_07_reading_spread_from_question, 2026_07_events_day_backfill, 2026_07_users_sub_level_codes, 2026_08_forecasts_language_key
INFO     oracle.seed:seed.py:335 сид каталога: plans+6, products+19, flags+17, settings+24, content+31, admins+1
------------------------------ Captured log call -------------------------------
INFO     httpx:_client.py:1740 HTTP Request: GET http://test/..%2F.env "HTTP/1.1 404 Not Found"
__________________________ test_me_returns_full_state __________________________
------------------------------ Captured log setup ------------------------------
INFO     oracle.migrations:migrations.py:283 миграция данных: 2026_07_referrals_from_ref_by, 2026_07_promo_used_count, 2026_07_reading_spread_from_question, 2026_07_events_day_backfill, 2026_07_users_sub_level_codes, 2026_08_forecasts_language_key
INFO     oracle.seed:seed.py:335 сид каталога: plans+6, products+19, flags+17, settings+24, content+31, admins+1
------------------------------ Captured log call -------------------------------
INFO     httpx:_client.py:1740 HTTP Request: GET http://test/api/me?dev_user=1001 "HTTP/1.1 200 OK"
____________________ test_profile_update_validates_persona _____________________
------------------------------ Captured log setup ------------------------------
INFO     oracle.migrations:migrations.py:283 миграция данных: 2026_07_referrals_from_ref_by, 2026_07_promo_used_count, 2026_07_reading_spread_from_question, 2026_07_events_day_backfill, 2026_07_users_sub_level_codes, 2026_08_forecasts_language_key
INFO     oracle.seed:seed.py:335 сид каталога: plans+6, products+19, flags+17, settings+24, content+31, admins+1
------------------------------ Captured log call -------------------------------
INFO     httpx:_client.py:1740 HTTP Request: POST http://test/api/profile?dev_user=1001 "HTTP/1.1 400 Bad Request"
INFO     httpx:_client.py:1740 HTTP Request: POST http://test/api/profile?dev_user=1001 "HTTP/1.1 200 OK"
---------------------------- Captured log teardown -----------------------------
WARNING  oracle.analytics:analytics.py:126 событие profile_update не записано: Cannot operate on a closed database.
____________________ test_profile_update_validates_timezone ____________________
------------------------------ Captured log setup ------------------------------
INFO     oracle.migrations:migrations.py:283 миграция данных: 2026_07_referrals_from_ref_by, 2026_07_promo_used_count, 2026_07_reading_spread_from_question, 2026_07_events_day_backfill, 2026_07_users_sub_level_codes, 2026_08_forecasts_language_key
INFO     oracle.seed:seed.py:335 сид каталога: plans+6, products+19, flags+17, settings+24, content+31, admins+1
------------------------------ Captured log call -------------------------------
INFO     httpx:_client.py:1740 HTTP Request: POST http://test/api/profile?dev_user=1001 "HTTP/1.1 400 Bad Request"
__________________ test_profile_gender_can_be_set_and_cleared __________________
------------------------------ Captured log setup ------------------------------
INFO     oracle.migrations:migrations.py:283 миграция данных: 2026_07_referrals_from_ref_by, 2026_07_promo_used_count, 2026_07_reading_spread_from_question, 2026_07_events_day_backfill, 2026_07_users_sub_level_codes, 2026_08_forecasts_language_key
INFO     oracle.seed:seed.py:335 сид каталога: plans+6, products+19, flags+17, settings+24, content+31, admins+1
------------------------------ Captured log call -------------------------------
INFO     httpx:_client.py:1740 HTTP Request: PATCH http://test/api/profile?dev_user=1001 "HTTP/1.1 200 OK"
INFO     httpx:_client.py:1740 HTTP Request: GET http://test/api/me?dev_user=1001 "HTTP/1.1 200 OK"
INFO     httpx:_client.py:1740 HTTP Request: POST http://test/api/profile?dev_user=1001 "HTTP/1.1 200 OK"
INFO     httpx:_client.py:1740 HTTP Request: GET http://test/api/me?dev_user=1001 "HTTP/1.1 200 OK"
___________________ test_profile_gender_rejects_unknown_code ___________________
------------------------------ Captured log setup ------------------------------
INFO     oracle.migrations:migrations.py:283 миграция данных: 2026_07_referrals_from_ref_by, 2026_07_promo_used_count, 2026_07_reading_spread_from_question, 2026_07_events_day_backfill, 2026_07_users_sub_level_codes, 2026_08_forecasts_language_key
INFO     oracle.seed:seed.py:335 сид каталога: plans+6, products+19, flags+17, settings+24, content+31, admins+1
------------------------------ Captured log call -------------------------------
INFO     httpx:_client.py:1740 HTTP Request: POST http://test/api/profile?dev_user=1001 "HTTP/1.1 422 Unprocessable Entity"
_____________________ test_referral_returns_link_and_stats _____________________
------------------------------ Captured log setup ------------------------------
INFO     oracle.migrations:migrations.py:283 миграция данных: 2026_07_referrals_from_ref_by, 2026_07_promo_used_count, 2026_07_reading_spread_from_question, 2026_07_events_day_backfill, 2026_07_users_sub_level_codes, 2026_08_forecasts_language_key
INFO     oracle.seed:seed.py:335 сид каталога: plans+6, products+19, flags+17, settings+24, content+31, admins+1
------------------------------ Captured log call -------------------------------
INFO     httpx:_client.py:1740 HTTP Request: GET http://test/api/referral?dev_user=1001 "HTTP/1.1 200 OK"
_____________________ test_today_needs_active_subscription _____________________
------------------------------ Captured log setup ------------------------------
INFO     oracle.migrations:migrations.py:283 миграция данных: 2026_07_referrals_from_ref_by, 2026_07_promo_used_count, 2026_07_reading_spread_from_question, 2026_07_events_day_backfill, 2026_07_users_sub_level_codes, 2026_08_forecasts_language_key
INFO     oracle.seed:seed.py:335 сид каталога: plans+6, products+19, flags+17, settings+24, content+31, admins+1
------------------------------ Captured log call -------------------------------
INFO     httpx:_client.py:1740 HTTP Request: GET http://test/api/today?dev_user=1002 "HTTP/1.1 402 Payment Required"
_____________________ test_today_returns_forecast_and_card _____________________
------------------------------ Captured log setup ------------------------------
INFO     oracle.migrations:migrations.py:283 миграция данных: 2026_07_referrals_from_ref_by, 2026_07_promo_used_count, 2026_07_reading_spread_from_question, 2026_07_events_day_backfill, 2026_07_users_sub_level_codes, 2026_08_forecasts_language_key
INFO     oracle.seed:seed.py:335 сид каталога: plans+6, products+19, flags+17, settings+24, content+31, admins+1
------------------------------ Captured log call -------------------------------
INFO     httpx:_client.py:1740 HTTP Request: GET http://test/api/today?dev_user=1001 "HTTP/1.1 200 OK"
INFO     httpx:_client.py:1740 HTTP Request: GET http://test/api/today?dev_user=1001 "HTTP/1.1 200 OK"
____________________________ test_chart_and_matrix _____________________________
------------------------------ Captured log setup ------------------------------
INFO     oracle.migrations:migrations.py:283 миграция данных: 2026_07_referrals_from_ref_by, 2026_07_promo_used_count, 2026_07_reading_spread_from_question, 2026_07_events_day_backfill, 2026_07_users_sub_level_codes, 2026_08_forecasts_language_key
INFO     oracle.seed:seed.py:335 сид каталога: plans+6, products+19, flags+17, settings+24, content+31, admins+1
------------------------------ Captured log call -------------------------------
INFO     oracle.astro:observability.py:116 натальная карта отдана клиенту
INFO     httpx:_client.py:1740 HTTP Request: GET http://test/api/chart?dev_user=1001 "HTTP/1.1 200 OK"
INFO     httpx:_client.py:1740 HTTP Request: GET http://test/api/matrix?dev_user=1001 "HTTP/1.1 200 OK"
________________________________ test_moon_week ________________________________
------------------------------ Captured log setup ------------------------------
INFO     oracle.migrations:migrations.py:283 миграция данных: 2026_07_referrals_from_ref_by, 2026_07_promo_used_count, 2026_07_reading_spread_from_question, 2026_07_events_day_backfill, 2026_07_users_sub_level_codes, 2026_08_forecasts_language_key
INFO     oracle.seed:seed.py:335 сид каталога: plans+6, products+19, flags+17, settings+24, content+31, admins+1
------------------------------ Captured log call -------------------------------
INFO     httpx:_client.py:1740 HTTP Request: GET http://test/api/moon/week?dev_user=1001&days=7 "HTTP/1.1 200 OK"
________________________ test_compat_score_is_explained ________________________
------------------------------ Captured log setup ------------------------------
INFO     oracle.migrations:migrations.py:283 миграция данных: 2026_07_referrals_from_ref_by, 2026_07_promo_used_count, 2026_07_reading_spread_from_question, 2026_07_events_day_backfill, 2026_07_users_sub_level_codes, 2026_08_forecasts_language_key
INFO     oracle.seed:seed.py:335 сид каталога: plans+6, products+19, flags+17, settings+24, content+31, admins+1
------------------------------ Captured log call -------------------------------
INFO     httpx:_client.py:1740 HTTP Request: POST http://test/api/compat?dev_user=1001 "HTTP/1.1 200 OK"
___________________ test_compat_accepts_russian_date_format ____________________
------------------------------ Captured log setup ------------------------------
INFO     oracle.migrations:migrations.py:283 миграция данных: 2026_07_referrals_from_ref_by, 2026_07_promo_used_count, 2026_07_reading_spread_from_question, 2026_07_events_day_backfill, 2026_07_users_sub_level_codes, 2026_08_forecasts_language_key
INFO     oracle.seed:seed.py:335 сид каталога: plans+6, products+19, flags+17, settings+24, content+31, admins+1
------------------------------ Captured log call -------------------------------
INFO     httpx:_client.py:1740 HTTP Request: POST http://test/api/compat?dev_user=1001 "HTTP/1.1 200 OK"
_______________________ test_compat_rejects_garbage_date _______________________
------------------------------ Captured log setup ------------------------------
INFO     oracle.migrations:migrations.py:283 миграция данных: 2026_07_referrals_from_ref_by, 2026_07_promo_used_count, 2026_07_reading_spread_from_question, 2026_07_events_day_backfill, 2026_07_users_sub_level_codes, 2026_08_forecasts_language_key
INFO     oracle.seed:seed.py:335 сид каталога: plans+6, products+19, flags+17, settings+24, content+31, admins+1
------------------------------ Captured log call -------------------------------
INFO     httpx:_client.py:1740 HTTP Request: POST http://test/api/compat?dev_user=1001 "HTTP/1.1 400 Bad Request"
____________________ test_partner_can_be_saved_and_removed _____________________
------------------------------ Captured log setup ------------------------------
INFO     oracle.migrations:migrations.py:283 миграция данных: 2026_07_referrals_from_ref_by, 2026_07_promo_used_count, 2026_07_reading_spread_from_question, 2026_07_events_day_backfill, 2026_07_users_sub_level_codes, 2026_08_forecasts_language_key
INFO     oracle.seed:seed.py:335 сид каталога: plans+6, products+19, flags+17, settings+24, content+31, admins+1
------------------------------ Captured log call -------------------------------
INFO     httpx:_client.py:1740 HTTP Request: POST http://test/api/partners?dev_user=1001 "HTTP/1.1 200 OK"
INFO     httpx:_client.py:1740 HTTP Request: GET http://test/api/partners?dev_user=1001 "HTTP/1.1 200 OK"
INFO     httpx:_client.py:1740 HTTP Request: DELETE http://test/api/partners/1?dev_user=1001 "HTTP/1.1 200 OK"
INFO     httpx:_client.py:1740 HTTP Request: GET http://test/api/partners?dev_user=1001 "HTTP/1.1 200 OK"
_____________________________ test_spread_catalog ______________________________
------------------------------ Captured log setup ------------------------------
INFO     oracle.migrations:migrations.py:283 миграция данных: 2026_07_referrals_from_ref_by, 2026_07_promo_used_count, 2026_07_reading_spread_from_question, 2026_07_events_day_backfill, 2026_07_users_sub_level_codes, 2026_08_forecasts_language_key
INFO     oracle.seed:seed.py:335 сид каталога: plans+6, products+19, flags+17, settings+24, content+31, admins+1
------------------------------ Captured log call -------------------------------
INFO     httpx:_client.py:1740 HTTP Request: GET http://test/api/tarot/spreads?dev_user=1001 "HTTP/1.1 200 OK"
___________________________ test_draw_then_interpret ___________________________
------------------------------ Captured log setup ------------------------------
INFO     oracle.migrations:migrations.py:283 миграция данных: 2026_07_referrals_from_ref_by, 2026_07_promo_used_count, 2026_07_reading_spread_from_question, 2026_07_events_day_backfill, 2026_07_users_sub_level_codes, 2026_08_forecasts_language_key
INFO     oracle.seed:seed.py:335 сид каталога: plans+6, products+19, flags+17, settings+24, content+31, admins+1
------------------------------ Captured log call -------------------------------
INFO     httpx:_client.py:1740 HTTP Request: POST http://test/api/tarot/draw?dev_user=1001&spread=three "HTTP/1.1 200 OK"
INFO     httpx:_client.py:1740 HTTP Request: POST http://test/api/tarot/interpret/1?dev_user=1001 "HTTP/1.1 200 OK"
INFO     httpx:_client.py:1740 HTTP Request: GET http://test/api/tarot/history?dev_user=1001 "HTTP/1.1 200 OK"
______________________ test_tarot_spreads_full_has_guide _______________________
------------------------------ Captured log setup ------------------------------
INFO     oracle.migrations:migrations.py:283 миграция данных: 2026_07_referrals_from_ref_by, 2026_07_promo_used_count, 2026_07_reading_spread_from_question, 2026_07_events_day_backfill, 2026_07_users_sub_level_codes, 2026_08_forecasts_language_key
INFO     oracle.seed:seed.py:335 сид каталога: plans+6, products+19, flags+17, settings+24, content+31, admins+1
------------------------------ Captured log call -------------------------------
INFO     httpx:_client.py:1740 HTTP Request: GET http://test/api/tarot/spreads/full?dev_user=1001 "HTTP/1.1 200 OK"
_______________ test_tarot_question_saved_and_draw_returns_guide _______________
------------------------------ Captured log setup ------------------------------
INFO     oracle.migrations:migrations.py:283 миграция данных: 2026_07_referrals_from_ref_by, 2026_07_promo_used_count, 2026_07_reading_spread_from_question, 2026_07_events_day_backfill, 2026_07_users_sub_level_codes, 2026_08_forecasts_language_key
INFO     oracle.seed:seed.py:335 сид каталога: plans+6, products+19, flags+17, settings+24, content+31, admins+1
------------------------------ Captured log call -------------------------------
INFO     httpx:_client.py:1740 HTTP Request: POST http://test/api/tarot/draw?dev_user=1001&spread=love "HTTP/1.1 200 OK"
INFO     httpx:_client.py:1740 HTTP Request: POST http://test/api/tarot/interpret/1?dev_user=1001 "HTTP/1.1 200 OK"
INFO     httpx:_client.py:1740 HTTP Request: GET http://test/api/tarot/history?dev_user=1001 "HTTP/1.1 200 OK"
___________________________ test_tarot_outcome_stats ___________________________
------------------------------ Captured log setup ------------------------------
INFO     oracle.migrations:migrations.py:283 миграция данных: 2026_07_referrals_from_ref_by, 2026_07_promo_used_count, 2026_07_reading_spread_from_question, 2026_07_events_day_backfill, 2026_07_users_sub_level_codes, 2026_08_forecasts_language_key
INFO     oracle.seed:seed.py:335 сид каталога: plans+6, products+19, flags+17, settings+24, content+31, admins+1
------------------------------ Captured log call -------------------------------
INFO     httpx:_client.py:1740 HTTP Request: POST http://test/api/tarot/draw?dev_user=1001&spread=one "HTTP/1.1 200 OK"
INFO     httpx:_client.py:1740 HTTP Request: POST http://test/api/tarot/outcome/1?dev_user=1001 "HTTP/1.1 200 OK"
INFO     httpx:_client.py:1740 HTTP Request: GET http://test/api/tarot/stats?dev_user=1001 "HTTP/1.1 200 OK"
_______________________ test_premium_spread_is_paywalled _______________________
------------------------------ Captured log setup ------------------------------
INFO     oracle.migrations:migrations.py:283 миграция данных: 2026_07_referrals_from_ref_by, 2026_07_promo_used_count, 2026_07_reading_spread_from_question, 2026_07_events_day_backfill, 2026_07_users_sub_level_codes, 2026_08_forecasts_language_key
INFO     oracle.seed:seed.py:335 сид каталога: plans+6, products+19, flags+17, settings+24, content+31, admins+1
------------------------------ Captured log call -------------------------------
INFO     httpx:_client.py:1740 HTTP Request: POST http://test/api/tarot/draw?dev_user=1001&spread=celtic "HTTP/1.1 200 OK"
---------------------------- Captured log teardown -----------------------------
WARNING  oracle.analytics:analytics.py:126 событие tarot_draw не записано: Cannot operate on a closed database.
____________________ test_cards_cannot_be_forged_by_client _____________________
------------------------------ Captured log setup ------------------------------
INFO     oracle.migrations:migrations.py:283 миграция данных: 2026_07_referrals_from_ref_by, 2026_07_promo_used_count, 2026_07_reading_spread_from_question, 2026_07_events_day_backfill, 2026_07_users_sub_level_codes, 2026_08_forecasts_language_key
INFO     oracle.seed:seed.py:335 сид каталога: plans+6, products+19, flags+17, settings+24, content+31, admins+1
------------------------------ Captured log call -------------------------------
INFO     httpx:_client.py:1740 HTTP Request: POST http://test/api/tarot/draw?dev_user=1001&spread=one "HTTP/1.1 200 OK"
INFO     httpx:_client.py:1740 HTTP Request: POST http://test/api/tarot/interpret/1?dev_user=1001 "HTTP/1.1 200 OK"
___________________ test_interpret_other_user_reading_is_404 ___________________
------------------------------ Captured log setup ------------------------------
INFO     oracle.migrations:migrations.py:283 миграция данных: 2026_07_referrals_from_ref_by, 2026_07_promo_used_count, 2026_07_reading_spread_from_question, 2026_07_events_day_backfill, 2026_07_users_sub_level_codes, 2026_08_forecasts_language_key
INFO     oracle.seed:seed.py:335 сид каталога: plans+6, products+19, flags+17, settings+24, content+31, admins+1
------------------------------ Captured log call -------------------------------
INFO     httpx:_client.py:1740 HTTP Request: POST http://test/api/tarot/draw?dev_user=1001&spread=one "HTTP/1.1 200 OK"
INFO     httpx:_client.py:1740 HTTP Request: POST http://test/api/tarot/interpret/1?dev_user=1002 "HTTP/1.1 404 Not Found"
___________________________ test_outcome_validation ____________________________
------------------------------ Captured log setup ------------------------------
INFO     oracle.migrations:migrations.py:283 миграция данных: 2026_07_referrals_from_ref_by, 2026_07_promo_used_count, 2026_07_reading_spread_from_question, 2026_07_events_day_backfill, 2026_07_users_sub_level_codes, 2026_08_forecasts_language_key
INFO     oracle.seed:seed.py:335 сид каталога: plans+6, products+19, flags+17, settings+24, content+31, admins+1
------------------------------ Captured log call -------------------------------
INFO     httpx:_client.py:1740 HTTP Request: POST http://test/api/tarot/draw?dev_user=1001&spread=one "HTTP/1.1 200 OK"
INFO     httpx:_client.py:1740 HTTP Request: POST http://test/api/tarot/outcome/1?dev_user=1001 "HTTP/1.1 200 OK"
INFO     httpx:_client.py:1740 HTTP Request: POST http://test/api/tarot/outcome/1?dev_user=1001 "HTTP/1.1 400 Bad Request"
_________________________ test_agents_list_has_threads _________________________
------------------------------ Captured log setup ------------------------------
INFO     oracle.migrations:migrations.py:283 миграция данных: 2026_07_referrals_from_ref_by, 2026_07_promo_used_count, 2026_07_reading_spread_from_question, 2026_07_events_day_backfill, 2026_07_users_sub_level_codes, 2026_08_forecasts_language_key
INFO     oracle.seed:seed.py:335 сид каталога: plans+6, products+19, flags+17, settings+24, content+31, admins+1
------------------------------ Captured log call -------------------------------
INFO     httpx:_client.py:1740 HTTP Request: GET http://test/api/agents?dev_user=1001 "HTTP/1.1 200 OK"
__________________________ test_chat_history_and_ask ___________________________
------------------------------ Captured log setup ------------------------------
INFO     oracle.migrations:migrations.py:283 миграция данных: 2026_07_referrals_from_ref_by, 2026_07_promo_used_count, 2026_07_reading_spread_from_question, 2026_07_events_day_backfill, 2026_07_users_sub_level_codes, 2026_08_forecasts_language_key
INFO     oracle.seed:seed.py:335 сид каталога: plans+6, products+19, flags+17, settings+24, content+31, admins+1
------------------------------ Captured log call -------------------------------
INFO     httpx:_client.py:1740 HTTP Request: GET http://test/api/chat/oracle?dev_user=1001 "HTTP/1.1 200 OK"
INFO     httpx:_client.py:1740 HTTP Request: POST http://test/api/chat/oracle?dev_user=1001 "HTTP/1.1 200 OK"
INFO     httpx:_client.py:1740 HTTP Request: GET http://test/api/chat/oracle?dev_user=1001 "HTTP/1.1 200 OK"
__________________________ test_unknown_agent_is_404 ___________________________
------------------------------ Captured log setup ------------------------------
INFO     oracle.migrations:migrations.py:283 миграция данных: 2026_07_referrals_from_ref_by, 2026_07_promo_used_count, 2026_07_reading_spread_from_question, 2026_07_events_day_backfill, 2026_07_users_sub_level_codes, 2026_08_forecasts_language_key
INFO     oracle.seed:seed.py:335 сид каталога: plans+6, products+19, flags+17, settings+24, content+31, admins+1
------------------------------ Captured log call -------------------------------
INFO     httpx:_client.py:1740 HTTP Request: POST http://test/api/chat/nobody?dev_user=1001 "HTTP/1.1 404 Not Found"
__________________________ test_ask_validates_length ___________________________
------------------------------ Captured log setup ------------------------------
INFO     oracle.migrations:migrations.py:283 миграция данных: 2026_07_referrals_from_ref_by, 2026_07_promo_used_count, 2026_07_reading_spread_from_question, 2026_07_events_day_backfill, 2026_07_users_sub_level_codes, 2026_08_forecasts_language_key
INFO     oracle.seed:seed.py:335 сид каталога: plans+6, products+19, flags+17, settings+24, content+31, admins+1
------------------------------ Captured log call -------------------------------
INFO     httpx:_client.py:1740 HTTP Request: POST http://test/api/chat/oracle?dev_user=1001 "HTTP/1.1 422 Unprocessable Entity"
__________________________ test_chat_can_be_archived ___________________________
------------------------------ Captured log setup ------------------------------
INFO     oracle.migrations:migrations.py:283 миграция данных: 2026_07_referrals_from_ref_by, 2026_07_promo_used_count, 2026_07_reading_spread_from_question, 2026_07_events_day_backfill, 2026_07_users_sub_level_codes, 2026_08_forecasts_language_key
INFO     oracle.seed:seed.py:335 сид каталога: plans+6, products+19, flags+17, settings+24, content+31, admins+1
------------------------------ Captured log call -------------------------------
INFO     httpx:_client.py:1740 HTTP Request: POST http://test/api/chat/oracle?dev_user=1001 "HTTP/1.1 200 OK"
INFO     httpx:_client.py:1740 HTTP Request: DELETE http://test/api/chat/oracle?dev_user=1001 "HTTP/1.1 200 OK"
INFO     httpx:_client.py:1740 HTTP Request: GET http://test/api/chat/oracle?dev_user=1001 "HTTP/1.1 200 OK"
_____________________________ test_diary_roundtrip _____________________________
------------------------------ Captured log setup ------------------------------
INFO     oracle.migrations:migrations.py:283 миграция данных: 2026_07_referrals_from_ref_by, 2026_07_promo_used_count, 2026_07_reading_spread_from_question, 2026_07_events_day_backfill, 2026_07_users_sub_level_codes, 2026_08_forecasts_language_key
INFO     oracle.seed:seed.py:335 сид каталога: plans+6, products+19, flags+17, settings+24, content+31, admins+1
------------------------------ Captured log call -------------------------------
INFO     httpx:_client.py:1740 HTTP Request: POST http://test/api/diary?dev_user=1001 "HTTP/1.1 200 OK"
INFO     httpx:_client.py:1740 HTTP Request: GET http://test/api/diary?dev_user=1001 "HTTP/1.1 200 OK"
___________________________ test_shop_shows_catalog ____________________________
------------------------------ Captured log setup ------------------------------
INFO     oracle.migrations:migrations.py:283 миграция данных: 2026_07_referrals_from_ref_by, 2026_07_promo_used_count, 2026_07_reading_spread_from_question, 2026_07_events_day_backfill, 2026_07_users_sub_level_codes, 2026_08_forecasts_language_key
INFO     oracle.seed:seed.py:335 сид каталога: plans+6, products+19, flags+17, settings+24, content+31, admins+1
------------------------------ Captured log call -------------------------------
INFO     httpx:_client.py:1740 HTTP Request: GET http://test/api/shop?dev_user=1001 "HTTP/1.1 200 OK"
_________________________ test_invoice_requires_target _________________________
------------------------------ Captured log setup ------------------------------
INFO     oracle.migrations:migrations.py:283 миграция данных: 2026_07_referrals_from_ref_by, 2026_07_promo_used_count, 2026_07_reading_spread_from_question, 2026_07_events_day_backfill, 2026_07_users_sub_level_codes, 2026_08_forecasts_language_key
INFO     oracle.seed:seed.py:335 сид каталога: plans+6, products+19, flags+17, settings+24, content+31, admins+1
------------------------------ Captured log call -------------------------------
INFO     httpx:_client.py:1740 HTTP Request: POST http://test/api/shop/invoice?dev_user=1001 "HTTP/1.1 400 Bad Request"
____________________ test_buy_with_crystals_without_balance ____________________
------------------------------ Captured log setup ------------------------------
INFO     oracle.migrations:migrations.py:283 миграция данных: 2026_07_referrals_from_ref_by, 2026_07_promo_used_count, 2026_07_reading_spread_from_question, 2026_07_events_day_backfill, 2026_07_users_sub_level_codes, 2026_08_forecasts_language_key
INFO     oracle.seed:seed.py:335 сид каталога: plans+6, products+19, flags+17, settings+24, content+31, admins+1
------------------------------ Captured log call -------------------------------
INFO     httpx:_client.py:1740 HTTP Request: POST http://test/api/shop/crystals?dev_user=1001 "HTTP/1.1 402 Payment Required"
_______________________ test_buy_with_crystals_succeeds ________________________
------------------------------ Captured log setup ------------------------------
INFO     oracle.migrations:migrations.py:283 миграция данных: 2026_07_referrals_from_ref_by, 2026_07_promo_used_count, 2026_07_reading_spread_from_question, 2026_07_events_day_backfill, 2026_07_users_sub_level_codes, 2026_08_forecasts_language_key
INFO     oracle.seed:seed.py:335 сид каталога: plans+6, products+19, flags+17, settings+24, content+31, admins+1
------------------------------ Captured log call -------------------------------
INFO     httpx:_client.py:1740 HTTP Request: POST http://test/api/shop/crystals?dev_user=1001 "HTTP/1.1 200 OK"
_____________________________ test_promo_endpoint ______________________________
------------------------------ Captured log setup ------------------------------
INFO     oracle.migrations:migrations.py:283 миграция данных: 2026_07_referrals_from_ref_by, 2026_07_promo_used_count, 2026_07_reading_spread_from_question, 2026_07_events_day_backfill, 2026_07_users_sub_level_codes, 2026_08_forecasts_language_key
INFO     oracle.seed:seed.py:335 сид каталога: plans+6, products+19, flags+17, settings+24, content+31, admins+1
------------------------------ Captured log call -------------------------------
[...]
PASSED tests/test_diary.py::test_diary_summary_facts
PASSED tests/test_diary.py::test_diary_summary_empty_month
PASSED tests/test_diary.py::test_diary_summary_counts_days_not_entries
PASSED tests/test_flood.py::test_burst_allows_immediate_burst
PASSED tests/test_flood.py::test_acquire_paces_when_bucket_empty
PASSED tests/test_flood.py::test_control_methods_do_not_cost_bucket
PASSED tests/test_flood.py::test_invoice_link_retries_then_succeeds
PASSED tests/test_flood.py::test_invoice_link_raises_after_all_retries
PASSED tests/test_flood.py::test_invoice_link_refuses_nonpositive_price
PASSED tests/test_growth.py::test_twelve_signs_with_codes
PASSED tests/test_growth.py::test_horoscope_is_cached
PASSED tests/test_growth.py::test_horoscope_builds_once_under_concurrency
PASSED tests/test_growth.py::test_daily_forecast_builds_once_under_concurrency
PASSED tests/test_growth.py::test_build_day_fills_all_signs
PASSED tests/test_growth.py::test_build_day_does_not_overwrite_existing
PASSED tests/test_growth.py::test_offline_horoscope_is_stable
PASSED tests/test_growth.py::test_channel_map_parses_env
PASSED tests/test_growth.py::test_vector_survives_roundtrip
PASSED tests/test_growth.py::test_cosine_bounds
PASSED tests/test_growth.py::test_unpack_handles_garbage
PASSED tests/test_growth.py::test_remember_deduplicates_exact
PASSED tests/test_growth.py::test_remember_rejects_noise
PASSED tests/test_growth.py::test_recall_returns_anchors_without_query
PASSED tests/test_growth.py::test_recall_prefers_relevant
PASSED tests/test_growth.py::test_remember_many_batches_embeddings
PASSED tests/test_growth.py::test_remember_many_deduplicates
PASSED tests/test_growth.py::test_summary_absent_until_enough_facts
PASSED tests/test_growth.py::test_reading_card_is_png
PASSED tests/test_growth.py::test_forecast_card_is_png
PASSED tests/test_growth.py::test_card_without_cards_returns_none
PASSED tests/test_growth.py::test_valid_signature_accepted
PASSED tests/test_growth.py::test_tampered_body_rejected
PASSED tests/test_growth.py::test_wrong_secret_rejected
PASSED tests/test_growth.py::test_old_signature_rejected
PASSED tests/test_growth.py::test_malformed_header_rejected
PASSED tests/test_growth.py::test_no_secret_rejects_everything
PASSED tests/test_growth.py::test_webhook_event_is_processed_once
PASSED tests/test_growth.py::test_daily_forecast_separates_languages_under_concurrency
PASSED tests/test_growth.py::test_signature_rotation_accepts_any_h1
PASSED tests/test_interpretation_guardrails.py::test_chart_evidence_hides_houses_and_ascendant_without_birth_time
PASSED tests/test_interpretation_guardrails.py::test_chart_guardrail_rejects_unknown_point_and_house_without_time
PASSED tests/test_interpretation_guardrails.py::test_chart_guardrail_accepts_grounded_non_deterministic_text
PASSED tests/test_interpretation_guardrails.py::test_tarot_guardrail_rejects_card_not_in_spread
PASSED tests/test_interpretation_guardrails.py::test_tarot_evidence_keeps_position_and_orientation
PASSED tests/test_limits.py::test_first_message_sets_privacy_safe_thread_title
PASSED tests/test_limits.py::test_vip_gets_three_questions_per_day
PASSED tests/test_limits.py::test_limit_decreases_with_questions
PASSED tests/test_limits.py::test_free_plan_is_weekly
PASSED tests/test_limits.py::test_expired_subscription_falls_back_to_free
PASSED tests/test_limits.py::test_check_uses_plan_first_then_purchases
PASSED tests/test_limits.py::test_crystals_are_last_resort
PASSED tests/test_limits.py::test_denied_when_nothing_left
PASSED tests/test_limits.py::test_followup_does_not_consume_limit
PASSED tests/test_limits.py::test_followups_are_capped
PASSED tests/test_limits.py::test_consume_crystals_actually_charges
PASSED tests/test_limits.py::test_included_spread_needs_only_plan
PASSED tests/test_limits.py::test_premium_spread_uses_entitlement_first
PASSED tests/test_limits.py::test_premium_spread_not_available_without_purchase
PASSED tests/test_limits.py::test_spread_catalog_shows_prices
PASSED tests/test_limits.py::test_ask_saves_messages_and_returns_answer
PASSED tests/test_limits.py::test_ask_is_denied_without_access
PASSED tests/test_limits.py::test_parallel_asks_cannot_overspend_weekly_limit
PASSED tests/test_limits.py::test_ask_to_each_agent_uses_own_thread
PASSED tests/test_limits.py::test_empty_question_is_rejected
PASSED tests/test_limits.py::test_draw_and_interpret_flow
PASSED tests/test_limits.py::test_draw_premium_without_right_is_denied
PASSED tests/test_limits.py::test_interpret_unknown_reading_raises
PASSED tests/test_limits.py::test_threads_view_lists_all_agents
PASSED tests/test_limits.py::test_outcome_marks_reading
PASSED tests/test_llm.py::test_completion_timeout_is_bounded
PASSED tests/test_llm.py::test_rate_limit_paces_bursts
PASSED tests/test_llm.py::test_semaphore_bounds_concurrent_calls
PASSED tests/test_llm.py::test_failover_uses_next_provider
PASSED tests/test_llm.py::test_failover_exhausts_all_providers
PASSED tests/test_llm.py::test_tool_results_are_bounded
PASSED tests/test_llm.py::test_tool_timeout_returns_safe_fallback
PASSED tests/test_llm.py::test_workflow_budget_rejects_excess_tool_calls
PASSED tests/test_llm.py::test_workflow_budget_rejects_excess_cost
PASSED tests/test_llm.py::test_workflow_budget_deadline_is_enforced
PASSED tests/test_llm.py::test_complete_uses_workflow_deadline
PASSED tests/test_llm.py::test_complete_vision_uses_workflow_deadline
PASSED tests/test_llm_evaluation.py::test_golden_set_has_expected_size_and_scenarios
PASSED tests/test_llm_evaluation.py::test_synthetic_fixture_has_no_critical_violations
PASSED tests/test_migrations.py::test_concurrent_reconcile_columns_no_lock_error
PASSED tests/test_miniapp_actions.py::test_every_static_miniapp_action_has_a_registered_handler
PASSED tests/test_miniapp_actions.py::test_every_explicit_action_target_is_implemented_on_app
PASSED tests/test_miniapp_actions.py::test_chat_exposes_one_visible_tool_entry_point
PASSED tests/test_miniapp_actions.py::test_miniapp_stylesheet_imports_match_asset_version
PASSED tests/test_miniapp_actions.py::test_agent_quality_proof_is_visible_on_hub_and_chat
PASSED tests/test_miniapp_actions.py::test_frontend_errors_use_user_facing_mapping
PASSED tests/test_miniapp_actions.py::test_chiromant_is_present_on_all_agent_surfaces
PASSED tests/test_miniapp_actions.py::test_palm_photo_flow_and_agent_theme_contract
PASSED tests/test_miniapp_actions.py::test_new_explorers_are_loaded_and_expose_accessible_states
PASSED tests/test_monetization_phase_a.py::test_monetization_event_filters_unapproved_props
PASSED tests/test_monetization_phase_a.py::test_monetization_dashboard_does_not_fake_net_revenue
PASSED tests/test_monetization_phase_a.py::test_monetization_assumptions_contract_is_valid
PASSED tests/test_natal_sections.py::test_chart_sections_cover_required_user_topics
PASSED tests/test_natal_sections.py::test_chart_sections_hide_unreliable_houses_without_birth_time
PASSED tests/test_natal_sections.py::test_interpret_chart_retries_until_all_required_topics_are_present
PASSED tests/test_natal_sections.py::test_interpret_chart_last_resort_is_detailed_and_covers_available_topics
PASSED tests/test_openai_compat.py::test_complete_via_custom_stream
PASSED tests/test_openai_compat.py::test_run_agent_skill_loop
PASSED tests/test_openai_compat.py::test_stream_options_fallback
PASSED tests/test_openai_compat.py::test_pretool_respects_chiromant_allowlist
PASSED tests/test_openai_compat.py::test_pretool_palm_single_call[\u041a\u0430\u043a \u043f\u0435\u0440\u0435\u0441\u043d\u044f\u0442\u044c \u0444\u043e\u0442\u043e \u043b\u0430\u0434\u043e\u043d\u0438?]
PASSED tests/test_openai_compat.py::test_pretool_palm_single_call[\u041a\u0430\u043a\u0438\u0435 \u0447\u0442\u0435\u043d\u0438\u044f \u043b\u0430\u0434\u043e\u043d\u0438 \u0443 \u043c\u0435\u043d\u044f \u0431\u044b\u043b\u0438 \u0440\u0430\u043d\u044c\u0448\u0435?]
PASSED tests/test_openai_compat.py::test_pretool_palm_single_call[\u0414\u0430\u0439 \u043c\u043d\u0435 \u0432\u043e\u043f\u0440\u043e\u0441 \u0434\u043b\u044f \u0441\u0430\u043c\u043e\u0440\u0435\u0444\u043b\u0435\u043a\u0441\u0438\u0438 \u043f\u043e \u043b\u0430\u0434\u043e\u043d\u0438]
PASSED tests/test_openai_compat.py::test_pretool_palm_single_call[\u0421\u0440\u0430\u0432\u043d\u0438 \u0434\u0432\u0430 \u043c\u043e\u0438\u0445 \u0447\u0442\u0435\u043d\u0438\u044f \u043b\u0430\u0434\u043e\u043d\u0438]
PASSED tests/test_openai_compat.py::test_pretool_other_agents_unaffected
PASSED tests/test_openai_compat.py::test_openai_like_budget_exhaust_returns_partial
PASSED tests/test_openai_compat.py::test_gpt5_vision_uses_completion_token_budget
PASSED tests/test_palm_integration.py::test_real_jpeg_upload_runs_palm_pipeline_and_agent_tools
PASSED tests/test_palm_integration.py::test_palm_reading_is_private_and_deleted_from_other_user
PASSED tests/test_palm_integration.py::test_palm_upload_rejects_invalid_content_and_small_real_image
PASSED tests/test_palm_integration.py::test_mira_chat_upload_accepts_png_and_webp
PASSED tests/test_palm_integration.py::test_mira_upload_enforces_auth_and_declared_size
PASSED tests/test_palm_integration.py::test_palm_vision_repairs_wrapped_json_after_retry
PASSED tests/test_palm_integration.py::test_palm_vision_invalid_json_returns_safe_needs_photo_after_three_attempts
PASSED tests/test_palm_vision.py::test_precheck_rejects_invalid_image_without_guessing
PASSED tests/test_palm_vision.py::test_precheck_flags_flat_capture
PASSED tests/test_palm_vision.py::test_precheck_produces_bounded_metrics_for_usable_capture
PASSED tests/test_pdfgen.py::test_to_pdf_bytes_raises_when_unavailable
PASSED tests/test_pdfgen.py::test_render_pdf_falls_back_to_html
PASSED tests/test_pdfgen.py::test_full_natal_report_contains_extended_chart_and_mobile_viewport
PASSED tests/test_pdfgen.py::test_english_natal_report_is_localized
PASSED tests/test_placements_palm.py::test_all_requested_placements_are_deterministic
PASSED tests/test_placements_palm.py::test_explicit_node_aliases_are_same_true_node_facts
PASSED tests/test_placements_palm.py::test_unknown_time_never_exposes_rising_or_houses
PASSED tests/test_placements_palm.py::test_life_path_preserves_master_number
PASSED tests/test_placements_palm.py::test_chinese_zodiac_uses_lunisolar_boundary
PASSED tests/test_placements_palm.py::test_palm_normalizer_sanitizes_forbidden_claims_and_keeps_confidence
PASSED tests/test_placements_palm.py::test_chiromant_is_registered_with_palm_tools
PASSED tests/test_placements_palm.py::test_palm_normalizer_coerces_model_enums_and_sanitizes_quality_fields
PASSED tests/test_placements_palm.py::test_palm_response_format_is_strict_and_closed
PASSED tests/test_practices.py::test_catalog_is_not_empty
PASSED tests/test_practices.py::test_every_practice_is_complete[energy_clean]
PASSED tests/test_practices.py::test_every_practice_is_complete[energy_morning]
PASSED tests/test_practices.py::test_every_practice_is_complete[love_heart]
PASSED tests/test_practices.py::test_every_practice_is_complete[love_magnet]
PASSED tests/test_practices.py::test_every_practice_is_complete[love_release]
PASSED tests/test_practices.py::test_every_practice_is_complete[mantra_gayatri]
PASSED tests/test_practices.py::test_every_practice_is_complete[mantra_lakshmi]
PASSED tests/test_practices.py::test_every_practice_is_complete[mantra_moon]
PASSED tests/test_practices.py::test_every_practice_is_complete[mantra_shiva]
PASSED tests/test_practices.py::test_every_practice_is_complete[money_flow]
PASSED tests/test_practices.py::test_every_practice_is_complete[money_mirror]
PASSED tests/test_practices.py::test_every_practice_is_complete[money_wallet]
PASSED tests/test_practices.py::test_program_covers_all_days[energy_clean]
PASSED tests/test_practices.py::test_program_covers_all_days[energy_morning]
PASSED tests/test_practices.py::test_program_covers_all_days[love_heart]
PASSED tests/test_practices.py::test_program_covers_all_days[love_magnet]
PASSED tests/test_practices.py::test_program_covers_all_days[love_release]
PASSED tests/test_practices.py::test_program_covers_all_days[mantra_gayatri]
PASSED tests/test_practices.py::test_program_covers_all_days[mantra_lakshmi]
PASSED tests/test_practices.py::test_program_covers_all_days[mantra_moon]
PASSED tests/test_practices.py::test_program_covers_all_days[mantra_shiva]
PASSED tests/test_practices.py::test_program_covers_all_days[money_flow]
PASSED tests/test_practices.py::test_program_covers_all_days[money_mirror]
PASSED tests/test_practices.py::test_program_covers_all_days[money_wallet]
PASSED tests/test_practices.py::test_all_categories_have_practices
PASSED tests/test_practices.py::test_every_practice_has_fit
PASSED tests/test_practices.py::test_heavy_practices_have_referral
PASSED tests/test_practices.py::test_mantras_have_text
PASSED tests/test_practices.py::test_catalog_shows_progress
PASSED tests/test_practices.py::test_filter_by_category
PASSED tests/test_practices.py::test_start_and_first_day
PASSED tests/test_practices.py::test_second_mark_same_day_does_nothing
PASSED tests/test_practices.py::test_streak_breaks_after_gap
PASSED tests/test_practices.py::test_program_finishes_at_last_day
PASSED tests/test_practices.py::test_stop_closes_program
PASSED tests/test_practices.py::test_unknown_practice_raises
PASSED tests/test_practices.py::test_progress_card_enriched
PASSED tests/test_practices.py::test_progress_card_after_finish
PASSED tests/test_practices.py::test_reminder_targets_skip_marked_today
PASSED tests/test_release_gate.py::test_static_release_gate_passes_repository_contract
PASSED tests/test_release_gate.py::test_production_release_gate_fails_closed_without_real_env
PASSED tests/test_release_gate.py::test_production_release_gate_accepts_minimal_safe_env
PASSED tests/test_safety.py::test_crisis_detected[\u043d\u0435 \u0445\u043e\u0447\u0443 \u0436\u0438\u0442\u044c]
PASSED tests/test_safety.py::test_crisis_detected[\u042f \u0431\u043e\u043b\u044c\u0448\u0435 \u043d\u0435 \u0445\u043e\u0447\u0443 \u0436\u0438\u0442\u044c, \u043d\u0438\u0447\u0435\u0433\u043e \u043d\u0435 \u043f\u043e\u043c\u043e\u0433\u0430\u0435\u0442]
PASSED tests/test_safety.py::test_crisis_detected[\u0434\u0443\u043c\u0430\u044e \u043f\u043e\u043a\u043e\u043d\u0447\u0438\u0442\u044c \u0441 \u0441\u043e\u0431\u043e\u0439]
PASSED tests/test_safety.py::test_crisis_detected[\u0438\u043d\u043e\u0433\u0434\u0430 \u0445\u043e\u0447\u0435\u0442\u0441\u044f \u0443\u0439\u0442\u0438 \u0438\u0437 \u0436\u0438\u0437\u043d\u0438]
PASSED tests/test_safety.py::test_crisis_detected[\u043d \u0435   \u0445 \u043e \u0447 \u0443   \u0436 \u0438 \u0442 \u044c]
PASSED tests/test_safety.py::test_crisis_detected[\u041d\u0415 \u0425\u041e\u0427\u0423 \u0416\u0418\u0422\u042c]
PASSED tests/test_safety.py::test_crisis_detected[\u044f \u0440\u0435\u0436\u0443 \u0441\u0435\u0431\u044f \u043a\u043e\u0433\u0434\u0430 \u043f\u043b\u043e\u0445\u043e]
PASSED tests/test_safety.py::test_crisis_detected[\u043e\u043d \u043c\u0435\u043d\u044f \u0431\u044c\u0451\u0442, \u044f \u0431\u043e\u044e\u0441\u044c]
PASSED tests/test_safety.py::test_crisis_detected[\u043c\u0443\u0436 \u0431\u044c\u0435\u0442 \u0438 \u0443\u0433\u0440\u043e\u0436\u0430\u0435\u0442 \u0443\u0431\u0438\u0442\u044c]
PASSED tests/test_safety.py::test_sensitive_softened[\u043c\u043d\u0435 \u043f\u043e\u0441\u0442\u0430\u0432\u0438\u043b\u0438 \u0434\u0438\u0430\u0433\u043d\u043e\u0437, \u0447\u0442\u043e \u0433\u043e\u0432\u043e\u0440\u044f\u0442 \u043a\u0430\u0440\u0442\u044b]
PASSED tests/test_safety.py::test_sensitive_softened[\u0443 \u043c\u0430\u043c\u044b \u043e\u043d\u043a\u043e\u043b\u043e\u0433\u0438\u044f, \u0447\u0442\u043e \u0431\u0443\u0434\u0435\u0442]
PASSED tests/test_safety.py::test_sensitive_softened[\u0441\u0442\u043e\u0438\u0442 \u043b\u0438 \u0431\u0440\u0430\u0442\u044c \u0438\u043f\u043e\u0442\u0435\u043a\u0443]
PASSED tests/test_safety.py::test_sensitive_softened[\u044f \u0431\u0435\u0440\u0435\u043c\u0435\u043d\u043d\u0430, \u0447\u0442\u043e \u043c\u0435\u043d\u044f \u0436\u0434\u0451\u0442]
PASSED tests/test_safety.py::test_normal_questions_pass[\u0447\u0442\u043e \u043c\u0435\u043d\u044f \u0436\u0434\u0451\u0442 \u0432 \u043b\u044e\u0431\u0432\u0438?]
PASSED tests/test_safety.py::test_normal_questions_pass[\u043a\u043e\u0433\u0434\u0430 \u044f \u0432\u0441\u0442\u0440\u0435\u0447\u0443 \u0441\u0432\u043e\u0435\u0433\u043e \u0447\u0435\u043b\u043e\u0432\u0435\u043a\u0430]
PASSED tests/test_safety.py::test_normal_questions_pass[\u0441\u0442\u043e\u0438\u0442 \u043b\u0438 \u0435\u043c\u0443 \u043d\u0430\u043f\u0438\u0441\u0430\u0442\u044c \u043f\u0435\u0440\u0432\u043e\u0439]
PASSED tests/test_safety.py::test_normal_questions_pass[\u0440\u0430\u0441\u0441\u043a\u0430\u0436\u0438 \u043f\u0440\u043e \u043c\u043e\u044e \u0432\u0435\u043d\u0435\u0440\u0443]
PASSED tests/test_safety.py::test_normal_questions_pass[\u0445\u043e\u0447\u0443 \u0440\u0430\u0441\u043a\u043b\u0430\u0434 \u043d\u0430 \u043d\u0435\u0434\u0435\u043b\u044e]
PASSED tests/test_safety.py::test_empty_text_is_safe
PASSED tests/test_safety.py::test_crisis_answer_does_not_spend_limit
PASSED tests/test_safety.py::test_crisis_answer_has_helplines
PASSED tests/test_safety.py::test_crisis_logged
PASSED tests/test_safety.py::test_helplines_configurable
PASSED tests/test_scale_contract.py::test_db_health_report_is_aggregate_and_integrity_checked
PASSED tests/test_scale_contract.py::test_migration_manifest_is_deterministic_and_data_free
PASSED tests/test_scheduler.py::test_pregen_fills_forecast_before_push
PASSED tests/test_scheduler.py::test_pregen_is_idempotent
PASSED tests/test_scheduler.py::test_pregen_skips_off_audience
PASSED tests/test_scheduler.py::test_pregen_noop_outside_window
PASSED tests/test_scheduler.py::test_audience_scales_beyond_cap
PASSED tests/test_scheduler.py::test_expiring_audience_scales_beyond_cap
PASSED tests/test_scheduler.py::test_pregen_caches_ru_and_en_independently
PASSED tests/test_scheduler.py::test_forecast_language_key_migrates_legacy_cache
PASSED tests/test_scheduler.py::test_voice_forecast_updates_only_current_language
PASSED tests/test_scheduler.py::test_scheduler_lease_allows_one_owner_across_connections
PASSED tests/test_scheduler.py::test_scheduler_lease_recovers_after_expiry_and_records_failure
PASSED tests/test_security_regressions.py::test_init_data_requires_fresh_auth_date
PASSED tests/test_security_regressions.py::test_init_data_rejects_duplicate_fields
PASSED tests/test_security_regressions.py::test_memory_tools_cannot_bypass_memory_off
PASSED tests/test_security_regressions.py::test_diary_tool_is_blocked_when_memory_off
PASSED tests/test_security_regressions.py::test_production_config_fails_closed
PASSED tests/test_session.py::test_transaction_rolls_back_on_cancel
PASSED tests/test_stage0_operations.py::test_redact_text_removes_secrets_email_and_numeric_ids
PASSED tests/test_stage0_operations.py::test_json_formatter_emits_operational_fields_without_pii
PASSED tests/test_stage0_operations.py::test_ops_alert_log_counts_are_windowed
PASSED tests/test_stage0_operations.py::test_cache_busting_policy_and_public_legal_pages
PASSED tests/test_stage0_operations.py::test_ops_alert_db_counts_include_scheduler_status
PASSED tests/test_vedic.py::test_vedic_chart_is_separate_lahiri_evidence_contract
PASSED tests/test_vedic.py::test_date_only_omits_lagna_and_houses
PASSED tests/test_vedic.py::test_nakshatra_covers_boundaries_and_four_padas
PASSED tests/test_vedic.py::test_vimshottari_has_start_lord_and_contiguous_timeline
PASSED tests/test_vedic.py::test_panchang_and_rahu_kaal_have_local_time_evidence
PASSED tests/test_vedic.py::test_varga_guna_and_strengths_are_bounded_and_symmetric
PASSED tests/test_vedic.py::test_tool_registry_dispatches_vedic_chart_with_evidence
PASSED tests/test_vedic.py::test_muhurta_keeps_user_criteria_and_no_guarantee_limitations
======================== 469 passed in 70.76s (0:01:10) ========================
